This is pdfTeX, Version 3.14159265-2.6-1.40.20 (TeX Live 2019/W32TeX) (preloaded format=pdflatex 2019.11.30)  4 JUN 2020 04:04
entering extended mode
 restricted \write18 enabled.
 %&-line parsing enabled.
**main.tex
(./main.tex
LaTeX2e <2019-10-01> patch level 3
(./preamble_ida14.tex (c:/texlive/2019/texmf-dist/tex/latex/memoir/memoir.cls
Document Class: memoir 2019/11/21 v3.7j configurable book, report, article docu
ment class
\onelineskip=\skip41
\lxvchars=\skip42
\xlvchars=\skip43
\@memcnta=\count80
\c@@memmarkcntra=\count81
LaTeX Info: Redefining \InputIfFileExists on input line 140.
(c:/texlive/2019/texmf-dist/tex/generic/iftex/iftex.sty
Package: iftex 2019/11/07 v1.0c TeX engine tests
)
\stockheight=\skip44
\stockwidth=\skip45
\trimtop=\skip46
\trimedge=\skip47

(c:/texlive/2019/texmf-dist/tex/latex/memoir/mem11.clo
File: mem11.clo 2008/01/30 v0.3 memoir class 11pt size option
)
\binding=\skip48
\spinemargin=\skip49
\foremargin=\skip50
\uppermargin=\skip51
\lowermargin=\skip52
\headdrop=\skip53
\normalrulethickness=\skip54
\mem@maxheadheight=\skip55
\mem@maxfootheight=\skip56
\headwidth=\skip57
\c@storedpagenumber=\count82
\memPD=\dimen102
\m@mabparskip=\skip58
\thanksmarkwidth=\skip59
\thanksmarksep=\skip60
\droptitle=\skip61
\c@book=\count83
\c@part=\count84
\c@chapter=\count85
\c@section=\count86
\c@subsection=\count87
\c@subsubsection=\count88
\c@paragraph=\count89
\c@subparagraph=\count90
\beforechapskip=\skip62
\midchapskip=\skip63
\afterchapskip=\skip64
\chapindent=\skip65
\bottomsectionskip=\skip66
\secindent=\skip67
\beforesecskip=\skip68
\aftersecskip=\skip69
\subsecindent=\skip70
\beforesubsecskip=\skip71
\aftersubsecskip=\skip72
\subsubsecindent=\skip73
\beforesubsubsecskip=\skip74
\aftersubsubsecskip=\skip75
\paraindent=\skip76
\beforeparaskip=\skip77
\afterparaskip=\skip78
\subparaindent=\skip79
\beforesubparaskip=\skip80
\aftersubparaskip=\skip81
\pfbreakskip=\skip82
\c@@ppsavesec=\count91
\c@@ppsaveapp=\count92
\ragrparindent=\dimen103
\everylistparindent=\dimen104
\parsepi=\skip83
\topsepi=\skip84
\itemsepi=\skip85
\parsepii=\skip86
\topsepii=\skip87
\topsepiii=\skip88
\itemsepii=\skip89
\itemsepiii=\skip90
\partopsepii=\skip91
\partopsepiii=\skip92
\m@msavetopsep=\skip93
\m@msavepartopsep=\skip94
\@enLab=\toks14
\abstitleskip=\skip95
\absleftindent=\skip96
\abs@leftindent=\dimen105
\absrightindent=\skip97
\absparindent=\skip98
\absparsep=\skip99
\c@vslineno=\count93
\c@poemline=\count94
\c@modulo@vs=\count95
\c@memfvsline=\count96
\vleftskip=\skip100
\vrightskip=\skip101
\stanzaskip=\skip102
\versewidth=\skip103
\vgap=\skip104
\vindent=\skip105
\vleftmargin=\dimen106
\c@verse=\count97
\c@chrsinstr=\count98
\beforepoemtitleskip=\skip106
\afterpoemtitleskip=\skip107
\c@poem=\count99
\beforePoemTitleskip=\skip108
\midPoemTitleskip=\skip109
\afterPoemTitleskip=\skip110

(c:/texlive/2019/texmf-dist/tex/latex/tools/array.sty
Package: array 2019/08/31 v2.4l Tabular extension package (FMi)
\col@sep=\dimen107
\ar@mcellbox=\box27
\extrarowheight=\dimen108
\NC@list=\toks15
\extratabsurround=\skip111
\backup@length=\skip112
\ar@cellbox=\box28
)
(c:/texlive/2019/texmf-dist/tex/latex/tools/dcolumn.sty
Package: dcolumn 2014/10/28 v1.06 decimal alignment package (DPC)
)
(c:/texlive/2019/texmf-dist/tex/latex/tools/delarray.sty
Package: delarray 2014/10/28 v1.01 array delimiter package (DPC)
)
(c:/texlive/2019/texmf-dist/tex/latex/tools/tabularx.sty
Package: tabularx 2016/02/03 v2.11b `tabularx' package (DPC)
\TX@col@width=\dimen109
\TX@old@table=\dimen110
\TX@old@col=\dimen111
\TX@target=\dimen112
\TX@delta=\dimen113
\TX@cols=\count100
\TX@ftn=\toks16
)
\heavyrulewidth=\dimen114
\lightrulewidth=\dimen115
\cmidrulewidth=\dimen116
\belowrulesep=\dimen117
\belowbottomsep=\dimen118
\aboverulesep=\dimen119
\abovetopsep=\dimen120
\cmidrulesep=\dimen121
\cmidrulekern=\dimen122
\defaultaddspace=\dimen123
\@cmidla=\count101
\@cmidlb=\count102
\@aboverulesep=\dimen124
\@belowrulesep=\dimen125
\@thisruleclass=\count103
\@lastruleclass=\count104
\@thisrulewidth=\dimen126
\ctableftskip=\skip113
\ctabrightskip=\skip114
\abovecolumnspenalty=\count105
\@linestogo=\count106
\@cellstogo=\count107
\@cellsincolumn=\count108
\crtok=\toks17
\@mincolumnwidth=\dimen127
\c@newflo@tctr=\count109
\mem@margin@floatbox=\box29
\@contcwidth=\skip115
\@contindw=\skip116
\abovecaptionskip=\skip117
\belowcaptionskip=\skip118
\subfloattopskip=\skip119
\subfloatcapskip=\skip120
\subfloatcaptopadj=\skip121
\subfloatbottomskip=\skip122
\subfloatlabelskip=\skip123
\subfloatcapmargin=\dimen128
\c@@contsubnum=\count110
\m@mscap@capbox=\box30
\m@mscap@fbox=\box31
\sidecapsep=\dimen129
\sidecapwidth=\dimen130
\m@m@tempdima=\dimen131
\m@mscapraise=\dimen132
\sidecapraise=\dimen133
\m@mscapmainwidth=\dimen134
\m@mscaplkern=\dimen135
\beforeepigraphskip=\skip124
\afterepigraphskip=\skip125
\epigraphwidth=\skip126
\epigraphrule=\skip127
LaTeX Info: Redefining \em on input line 7662.
LaTeX Info: Redefining \emph on input line 7670.
\tocentryskip=\skip128
\tocbaseline=\skip129
\cftparskip=\skip130
\cftbeforebookskip=\skip131
\cftbookindent=\dimen136
\cftbooknumwidth=\dimen137
\cftbeforepartskip=\skip132
\cftpartindent=\skip133
\cftpartnumwidth=\skip134
\cftbeforechapterskip=\skip135
\cftchapterindent=\skip136
\cftchapternumwidth=\skip137
\cftbeforesectionskip=\skip138
\cftsectionindent=\skip139
\cftsectionnumwidth=\skip140
\cftbeforesubsectionskip=\skip141
\cftsubsectionindent=\skip142
\cftsubsectionnumwidth=\skip143
\cftbeforesubsubsectionskip=\skip144
\cftsubsubsectionindent=\skip145
\cftsubsubsectionnumwidth=\skip146
\cftbeforeparagraphskip=\skip147
\cftparagraphindent=\skip148
\cftparagraphnumwidth=\skip149
\cftbeforesubparagraphskip=\skip150
\cftsubparagraphindent=\skip151
\cftsubparagraphnumwidth=\skip152
\prechapterprecisshift=\dimen138
\c@maxsecnumdepth=\count111
\bibindent=\dimen139
\bibitemsep=\skip153
\indexcolsep=\skip154
\indexrule=\skip155
\indexmarkstyle=\toks18
\@indexbox=\insert199
\glossarycolsep=\dimen140
\glossaryrule=\dimen141
\sideparvshift=\skip156
\sideins=\insert198
\sidebartopsep=\skip157
\sidebarhsep=\skip158
\sidebarvsep=\skip159
\sidebarwidth=\skip160
\footmarkwidth=\skip161
\footmarksep=\skip162
\footparindent=\skip163
\footinsdim=\skip164
\footinsv@r=\insert197
\@mpfootinsv@r=\insert196
\m@m@k=\count112
\m@m@h=\dimen142
\m@mipn@skip=\skip165
\sidefootins=\insert195
\sidefootadjust=\skip166
\sidefootheight=\skip167
\sidefoothsep=\skip168
\sidefootvsep=\skip169
\sidefootwidth=\skip170
\m@mdownsf=\skip171
\c@sidefootnote=\count113
\sidefootmarkwidth=\skip172
\sidefootmarksep=\skip173
\sidefootparindent=\skip174
\c@pagenote=\count114
\c@pagenoteshadow=\count115
\mem@pn@lastkern=\skip175
\every@verbatim=\toks19
\afterevery@verbatim=\toks20
\verbatim@line=\toks21
\tab@position=\count116
\verbatim@in@stream=\read1
\verbatimindent=\skip176
\verbatim@out=\write3
\bvboxsep=\skip177
\c@memfbvline=\count117
\c@bvlinectr=\count118
\bvnumlength=\skip178
\fb@frw=\dimen143
\fb@frh=\dimen144
\FrameRule=\dimen145
\FrameSep=\dimen146
\c@cp@cntr=\count119
LaTeX Info: Redefining \: on input line 12187.
LaTeX Info: Redefining \! on input line 12189.
\c@ism@mctr=\count120
\c@xsm@mctr=\count121
\c@csm@mctr=\count122
\c@ksm@mctr=\count123
\c@xksm@mctr=\count124
\c@cksm@mctr=\count125
\c@msm@mctr=\count126
\c@xmsm@mctr=\count127
\c@cmsm@mctr=\count128
\c@bsm@mctr=\count129
\c@workm@mctr=\count130
\c@sheetsequence=\count131
\c@lastsheet=\count132
\c@lastpage=\count133

(c:/texlive/2019/texmf-dist/tex/latex/textcase/textcase.sty
Package: textcase 2019/09/14 v1.00 Text only upper/lower case changing (DPC)
)
\c@figure=\count134
\c@lofdepth=\count135
\cftbeforefigureskip=\skip179
\cftfigureindent=\skip180
\cftfigurenumwidth=\skip181
\c@table=\count136
\c@lotdepth=\count137
\cftbeforetableskip=\skip182
\cfttableindent=\skip183
\cfttablenumwidth=\skip184
Package abstract [2008/07/23] emulated by memoir.
Package appendix [2008/07/23] emulated by memoir.
Package booktabs [2016/05/16] emulated by memoir.
Package ccaption [2008/07/23] emulated by memoir.
Package changepage [2008/07/23] emulated by memoir.
Package chngcntr [2008/07/23] emulated by memoir.
Package chngpage [2008/07/23] emulated by memoir.
Package crop emulated by memoir.
Package enumerate [2008/07/23] emulated by memoir.
Package epigraph [2008/07/23] emulated by memoir.
Package ifmtarg [2008/07/23] emulated by memoir.
Package index [2008/07/23] emulated by memoir.
Package makeidx [2008/07/23] emulated by memoir.
Package moreverb [2008/07/23] emulated by memoir.
Package mparhack [2008/07/23] emulated by memoir.
Package needspace [2008/07/23] emulated by memoir.
Package newfile [2008/07/23] emulated by memoir.
Package nextpage [2008/07/23] emulated by memoir.
Package pagenote [2008/07/23] emulated by memoir.
Package parskip [2008/07/23] emulated by memoir.
Package patchcmd [2008/07/23] emulated by memoir.
Package setspace [2008/07/23] emulated by memoir.
Package shortvrb [2008/07/23] emulated by memoir.
Package showidx [2008/07/23] emulated by memoir.
Package titleref [2008/07/23] emulated by memoir.
Package titling [2008/07/23] emulated by memoir.
Package tocbibind [2008/07/23] emulated by memoir.
Package tocloft [2008/07/23] emulated by memoir.
Package tocvsec2 [2008/07/23] emulated by memoir.
Package verbatim [2008/07/23] emulated by memoir.
Package verse [2008/07/23] emulated by memoir.
)
(c:/texlive/2019/texmf-dist/tex/latex/base/inputenc.sty
Package: inputenc 2018/08/11 v1.3c Input encoding file
\inpenc@prehook=\toks22
\inpenc@posthook=\toks23
)
(c:/texlive/2019/texmf-dist/tex/generic/babel/babel.sty
Package: babel 2019/11/14 3.36 The Babel package

(c:/texlive/2019/texmf-dist/tex/generic/babel/switch.def
File: switch.def 2019/11/14 3.36 Babel switching mechanism
)
(c:/texlive/2019/texmf-dist/tex/generic/babel-english/english.ldf
Language: english 2017/06/06 v3.3r English support from the babel system

(c:/texlive/2019/texmf-dist/tex/generic/babel/babel.def
File: babel.def 2019/11/14 3.36 Babel common definitions
\babel@savecnt=\count138
\U@D=\dimen147

(c:/texlive/2019/texmf-dist/tex/generic/babel/txtbabel.def)
\bbl@dirlevel=\count139
)
Package babel Info: \l@canadian = using hyphenrules for english
(babel)             (\language0) on input line 102.
Package babel Info: \l@australian = using hyphenrules for ukenglish
(babel)             (\language21) on input line 105.
Package babel Info: \l@newzealand = using hyphenrules for ukenglish
(babel)             (\language21) on input line 108.
))
(c:/texlive/2019/texmf-dist/tex/latex/base/fontenc.sty
Package: fontenc 2018/08/11 v2.0j Standard LaTeX package

(c:/texlive/2019/texmf-dist/tex/latex/base/t1enc.def
File: t1enc.def 2018/08/11 v2.0j Standard LaTeX file
LaTeX Font Info:    Redeclaring font encoding T1 on input line 48.
))
(c:/texlive/2019/texmf-dist/tex/latex/lm/lmodern.sty
Package: lmodern 2009/10/30 v1.6 Latin Modern Fonts
LaTeX Font Info:    Overwriting symbol font `operators' in version `normal'
(Font)                  OT1/cmr/m/n --> OT1/lmr/m/n on input line 22.
LaTeX Font Info:    Overwriting symbol font `letters' in version `normal'
(Font)                  OML/cmm/m/it --> OML/lmm/m/it on input line 23.
LaTeX Font Info:    Overwriting symbol font `symbols' in version `normal'
(Font)                  OMS/cmsy/m/n --> OMS/lmsy/m/n on input line 24.
LaTeX Font Info:    Overwriting symbol font `largesymbols' in version `normal'
(Font)                  OMX/cmex/m/n --> OMX/lmex/m/n on input line 25.
LaTeX Font Info:    Overwriting symbol font `operators' in version `bold'
(Font)                  OT1/cmr/bx/n --> OT1/lmr/bx/n on input line 26.
LaTeX Font Info:    Overwriting symbol font `letters' in version `bold'
(Font)                  OML/cmm/b/it --> OML/lmm/b/it on input line 27.
LaTeX Font Info:    Overwriting symbol font `symbols' in version `bold'
(Font)                  OMS/cmsy/b/n --> OMS/lmsy/b/n on input line 28.
LaTeX Font Info:    Overwriting symbol font `largesymbols' in version `bold'
(Font)                  OMX/cmex/m/n --> OMX/lmex/m/n on input line 29.
LaTeX Font Info:    Overwriting math alphabet `\mathbf' in version `normal'
(Font)                  OT1/cmr/bx/n --> OT1/lmr/bx/n on input line 31.
LaTeX Font Info:    Overwriting math alphabet `\mathsf' in version `normal'
(Font)                  OT1/cmss/m/n --> OT1/lmss/m/n on input line 32.
LaTeX Font Info:    Overwriting math alphabet `\mathit' in version `normal'
(Font)                  OT1/cmr/m/it --> OT1/lmr/m/it on input line 33.
LaTeX Font Info:    Overwriting math alphabet `\mathtt' in version `normal'
(Font)                  OT1/cmtt/m/n --> OT1/lmtt/m/n on input line 34.
LaTeX Font Info:    Overwriting math alphabet `\mathbf' in version `bold'
(Font)                  OT1/cmr/bx/n --> OT1/lmr/bx/n on input line 35.
LaTeX Font Info:    Overwriting math alphabet `\mathsf' in version `bold'
(Font)                  OT1/cmss/bx/n --> OT1/lmss/bx/n on input line 36.
LaTeX Font Info:    Overwriting math alphabet `\mathit' in version `bold'
(Font)                  OT1/cmr/bx/it --> OT1/lmr/bx/it on input line 37.
LaTeX Font Info:    Overwriting math alphabet `\mathtt' in version `bold'
(Font)                  OT1/cmtt/m/n --> OT1/lmtt/m/n on input line 38.
)
(c:/texlive/2019/texmf-dist/tex/latex/ragged2e/ragged2e.sty
Package: ragged2e 2019/07/28 v2.2 ragged2e Package (MS)

(c:/texlive/2019/texmf-dist/tex/latex/ms/everysel.sty
Package: everysel 2011/10/28 v1.2 EverySelectfont Package (MS)
)
\CenteringLeftskip=\skip185
\RaggedLeftLeftskip=\skip186
\RaggedRightLeftskip=\skip187
\CenteringRightskip=\skip188
\RaggedLeftRightskip=\skip189
\RaggedRightRightskip=\skip190
\CenteringParfillskip=\skip191
\RaggedLeftParfillskip=\skip192
\RaggedRightParfillskip=\skip193
\JustifyingParfillskip=\skip194
\CenteringParindent=\skip256
\RaggedLeftParindent=\skip257
\RaggedRightParindent=\skip258
\JustifyingParindent=\skip259
)
(c:/texlive/2019/texmf-dist/tex/latex/anyfontsize/anyfontsize.sty
Package: anyfontsize 2007/11/22 anyfontsize.sty by pts
)
(c:/texlive/2019/texmf-dist/tex/latex/graphics/graphicx.sty
Package: graphicx 2017/06/01 v1.1a Enhanced LaTeX Graphics (DPC,SPQR)

(c:/texlive/2019/texmf-dist/tex/latex/graphics/keyval.sty
Package: keyval 2014/10/28 v1.15 key=value parser (DPC)
\KV@toks@=\toks24
)
(c:/texlive/2019/texmf-dist/tex/latex/graphics/graphics.sty
Package: graphics 2019/11/01 v1.3d Standard LaTeX Graphics (DPC,SPQR)

(c:/texlive/2019/texmf-dist/tex/latex/graphics/trig.sty
Package: trig 2016/01/03 v1.10 sin cos tan (DPC)
)
(c:/texlive/2019/texmf-dist/tex/latex/graphics-cfg/graphics.cfg
File: graphics.cfg 2016/06/04 v1.11 sample graphics configuration
)
Package graphics Info: Driver file: pdftex.def on input line 105.

(c:/texlive/2019/texmf-dist/tex/latex/graphics-def/pdftex.def
File: pdftex.def 2018/01/08 v1.0l Graphics/color driver for pdftex
))
\Gin@req@height=\dimen148
\Gin@req@width=\dimen149
)
(c:/texlive/2019/texmf-dist/tex/latex/wrapfig/wrapfig.sty
\wrapoverhang=\dimen150
\WF@size=\dimen151
\c@WF@wrappedlines=\count140
\WF@box=\box32
\WF@everypar=\toks25
Package: wrapfig 2003/01/31  v 3.6
)
(c:/texlive/2019/texmf-dist/tex/latex/multirow/multirow.sty
Package: multirow 2019/05/31 v2.5 Span multiple rows of a table
\multirow@colwidth=\skip260
\multirow@cntb=\count141
\multirow@dima=\skip261
\bigstrutjot=\dimen152
)
(c:/texlive/2019/texmf-dist/tex/latex/tools/multicol.sty
Package: multicol 2019/03/01 v1.8w multicolumn formatting (FMi)
\c@tracingmulticols=\count142
\mult@box=\box33
\multicol@leftmargin=\dimen153
\c@unbalance=\count143
\c@collectmore=\count144
\doublecol@number=\count145
\multicoltolerance=\count146
\multicolpretolerance=\count147
\full@width=\dimen154
\page@free=\dimen155
\premulticols=\dimen156
\postmulticols=\dimen157
\multicolsep=\skip262
\multicolbaselineskip=\skip263
\partial@page=\box34
\last@line=\box35
\maxbalancingoverflow=\dimen158
\mult@rightbox=\box36
\mult@grightbox=\box37
\mult@gfirstbox=\box38
\mult@firstbox=\box39
\@tempa=\box40
\@tempa=\box41
\@tempa=\box42
\@tempa=\box43
\@tempa=\box44
\@tempa=\box45
\@tempa=\box46
\@tempa=\box47
\@tempa=\box48
\@tempa=\box49
\@tempa=\box50
\@tempa=\box51
\@tempa=\box52
\@tempa=\box53
\@tempa=\box54
\@tempa=\box55
\@tempa=\box56
\c@minrows=\count148
\c@columnbadness=\count149
\c@finalcolumnbadness=\count150
\last@try=\dimen159
\multicolovershoot=\dimen160
\multicolundershoot=\dimen161
\mult@nat@firstbox=\box57
\colbreak@box=\box58
\mc@col@check@num=\count151
)
(c:/texlive/2019/texmf-dist/tex/latex/graphics/rotating.sty
Package: rotating 2016/08/11 v2.16d rotated objects in LaTeX

(c:/texlive/2019/texmf-dist/tex/latex/base/ifthen.sty
Package: ifthen 2014/09/29 v1.1c Standard LaTeX ifthen package (DPC)
)
\c@r@tfl@t=\count152
\rotFPtop=\skip264
\rotFPbot=\skip265
\rot@float@box=\box59
\rot@mess@toks=\toks26
)
(c:/texlive/2019/texmf-dist/tex/latex/colortbl/colortbl.sty
Package: colortbl 2018/12/12 v1.0d Color table columns (DPC)

(c:/texlive/2019/texmf-dist/tex/latex/graphics/color.sty
Package: color 2016/07/10 v1.1e Standard LaTeX Color (DPC)

(c:/texlive/2019/texmf-dist/tex/latex/graphics-cfg/color.cfg
File: color.cfg 2016/01/02 v1.6 sample color configuration
)
Package color Info: Driver file: pdftex.def on input line 147.

(c:/texlive/2019/texmf-dist/tex/latex/graphics/dvipsnam.def
File: dvipsnam.def 2016/06/17 v3.0m Driver-dependent file (DPC,SPQR)
))
\everycr=\toks27
\minrowclearance=\skip266
)
(c:/texlive/2019/texmf-dist/tex/latex/xcolor/xcolor.sty
Package: xcolor 2016/05/11 v2.12 LaTeX color extensions (UK)

(c:/texlive/2019/texmf-dist/tex/latex/graphics-cfg/color.cfg
File: color.cfg 2016/01/02 v1.6 sample color configuration
)
Package xcolor Info: Driver file: pdftex.def on input line 225.
LaTeX Info: Redefining \color on input line 709.
Package xcolor Info: Model `cmy' substituted by `cmy0' on input line 1348.
Package xcolor Info: Model `hsb' substituted by `rgb' on input line 1352.
Package xcolor Info: Model `RGB' extended on input line 1364.
Package xcolor Info: Model `HTML' substituted by `rgb' on input line 1366.
Package xcolor Info: Model `Hsb' substituted by `hsb' on input line 1367.
Package xcolor Info: Model `tHsb' substituted by `hsb' on input line 1368.
Package xcolor Info: Model `HSB' substituted by `hsb' on input line 1369.
Package xcolor Info: Model `Gray' substituted by `gray' on input line 1370.
Package xcolor Info: Model `wave' substituted by `hsb' on input line 1371.

(c:/texlive/2019/texmf-dist/tex/latex/graphics/dvipsnam.def
File: dvipsnam.def 2016/06/17 v3.0m Driver-dependent file (DPC,SPQR)
))
(c:/texlive/2019/texmf-dist/tex/latex/base/flafter.sty
Package: flafter 2018/11/28 v1.4d Standard LaTeX floats after reference (FMi)
Applying: [2015/01/01] float order in 2-column on input line 49.
Already applied: [0000/00/00] float order in 2-column on input line 151.
)
(c:/texlive/2019/texmf-dist/tex/latex/float/float.sty
Package: float 2001/11/08 v1.3d Float enhancements (AL)
\c@float@type=\count153
\float@exts=\toks28
\float@box=\box60
\@float@everytoks=\toks29
\@floatcapt=\box61
)
(c:/texlive/2019/texmf-dist/tex/latex/amsmath/amsmath.sty
Package: amsmath 2019/11/16 v2.17d AMS math features
\@mathmargin=\skip267

For additional information on amsmath, use the `?' option.
(c:/texlive/2019/texmf-dist/tex/latex/amsmath/amstext.sty
Package: amstext 2000/06/29 v2.01 AMS text

(c:/texlive/2019/texmf-dist/tex/latex/amsmath/amsgen.sty
File: amsgen.sty 1999/11/30 v2.0 generic functions
\@emptytoks=\toks30
\ex@=\dimen162
))
(c:/texlive/2019/texmf-dist/tex/latex/amsmath/amsbsy.sty
Package: amsbsy 1999/11/29 v1.2d Bold Symbols
\pmbraise@=\dimen163
)
(c:/texlive/2019/texmf-dist/tex/latex/amsmath/amsopn.sty
Package: amsopn 2016/03/08 v2.02 operator names
)
\inf@bad=\count154
LaTeX Info: Redefining \frac on input line 227.
\uproot@=\count155
\leftroot@=\count156
LaTeX Info: Redefining \overline on input line 389.
\classnum@=\count157
\DOTSCASE@=\count158
LaTeX Info: Redefining \ldots on input line 486.
LaTeX Info: Redefining \dots on input line 489.
LaTeX Info: Redefining \cdots on input line 610.
\Mathstrutbox@=\box62
\strutbox@=\box63
\big@size=\dimen164
LaTeX Font Info:    Redeclaring font encoding OML on input line 733.
LaTeX Font Info:    Redeclaring font encoding OMS on input line 734.
\macc@depth=\count159
\c@MaxMatrixCols=\count160
\dotsspace@=\muskip10
\c@parentequation=\count161
\dspbrk@lvl=\count162
\tag@help=\toks31
\row@=\count163
\column@=\count164
\maxfields@=\count165
\andhelp@=\toks32
\eqnshift@=\dimen165
\alignsep@=\dimen166
\tagshift@=\dimen167
\tagwidth@=\dimen168
\totwidth@=\dimen169
\lineht@=\dimen170
\@envbody=\toks33
\multlinegap=\skip268
\multlinetaggap=\skip269
\mathdisplay@stack=\toks34
LaTeX Info: Redefining \[ on input line 2858.
LaTeX Info: Redefining \] on input line 2859.
)
(c:/texlive/2019/texmf-dist/tex/latex/amsfonts/amssymb.sty
Package: amssymb 2013/01/14 v3.01 AMS font symbols

(c:/texlive/2019/texmf-dist/tex/latex/amsfonts/amsfonts.sty
Package: amsfonts 2013/01/14 v3.01 Basic AMSFonts support
\symAMSa=\mathgroup4
\symAMSb=\mathgroup5
LaTeX Font Info:    Redeclaring math symbol \hbar on input line 98.
LaTeX Font Info:    Overwriting math alphabet `\mathfrak' in version `bold'
(Font)                  U/euf/m/n --> U/euf/b/n on input line 106.
))
(c:/texlive/2019/texmf-dist/tex/latex/stmaryrd/stmaryrd.sty
Package: stmaryrd 1994/03/03 St Mary's Road symbol package
\symstmry=\mathgroup6
LaTeX Font Info:    Overwriting symbol font `stmry' in version `bold'
(Font)                  U/stmry/m/n --> U/stmry/b/n on input line 89.
)
(c:/texlive/2019/texmf-dist/tex/latex/mathtools/mathtools.sty
Package: mathtools 2019/07/31 v1.22 mathematical typesetting tools

(c:/texlive/2019/texmf-dist/tex/latex/tools/calc.sty
Package: calc 2017/05/25 v4.3 Infix arithmetic (KKT,FJ)
\calc@Acount=\count166
\calc@Bcount=\count167
\calc@Adimen=\dimen171
\calc@Bdimen=\dimen172
\calc@Askip=\skip270
\calc@Bskip=\skip271
LaTeX Info: Redefining \setlength on input line 80.
LaTeX Info: Redefining \addtolength on input line 81.
\calc@Ccount=\count168
\calc@Cskip=\skip272
)
(c:/texlive/2019/texmf-dist/tex/latex/mathtools/mhsetup.sty
Package: mhsetup 2017/03/31 v1.3 programming setup (MH)
)
LaTeX Info: Thecontrolsequence`\('isalreadyrobust on input line 129.
LaTeX Info: Thecontrolsequence`\)'isalreadyrobust on input line 129.
LaTeX Info: Thecontrolsequence`\['isalreadyrobust on input line 129.
LaTeX Info: Thecontrolsequence`\]'isalreadyrobust on input line 129.
\g_MT_multlinerow_int=\count169
\l_MT_multwidth_dim=\dimen173
\origjot=\skip273
\l_MT_shortvdotswithinadjustabove_dim=\dimen174
\l_MT_shortvdotswithinadjustbelow_dim=\dimen175
\l_MT_above_intertext_sep=\dimen176
\l_MT_below_intertext_sep=\dimen177
\l_MT_above_shortintertext_sep=\dimen178
\l_MT_below_shortintertext_sep=\dimen179
)
(c:/texlive/2019/texmf-dist/tex/latex/base/textcomp.sty
Package: textcomp 2018/08/11 v2.0j Standard LaTeX package
Package textcomp Info: Sub-encoding information:
(textcomp)               5 = only ISO-Adobe without \textcurrency
(textcomp)               4 = 5 + \texteuro
(textcomp)               3 = 4 + \textohm
(textcomp)               2 = 3 + \textestimated + \textcurrency
(textcomp)               1 = TS1 - \textcircled - \t
(textcomp)               0 = TS1 (full)
(textcomp)             Font families with sub-encoding setting implement
(textcomp)             only a restricted character set as indicated.
(textcomp)             Family '?' is the default used for unknown fonts.
(textcomp)             See the documentation for details.
Package textcomp Info: Setting ? sub-encoding to TS1/1 on input line 79.

(c:/texlive/2019/texmf-dist/tex/latex/base/ts1enc.def
File: ts1enc.def 2001/06/05 v3.0e (jk/car/fm) Standard LaTeX file
Now handling font encoding TS1 ...
... processing UTF-8 mapping file for font encoding TS1

(c:/texlive/2019/texmf-dist/tex/latex/base/ts1enc.dfu
File: ts1enc.dfu 2019/07/11 v1.2j UTF-8 support for inputenc
   defining Unicode char U+00A2 (decimal 162)
   defining Unicode char U+00A3 (decimal 163)
   defining Unicode char U+00A4 (decimal 164)
   defining Unicode char U+00A5 (decimal 165)
   defining Unicode char U+00A6 (decimal 166)
   defining Unicode char U+00A7 (decimal 167)
   defining Unicode char U+00A8 (decimal 168)
   defining Unicode char U+00A9 (decimal 169)
   defining Unicode char U+00AA (decimal 170)
   defining Unicode char U+00AC (decimal 172)
   defining Unicode char U+00AE (decimal 174)
   defining Unicode char U+00AF (decimal 175)
   defining Unicode char U+00B0 (decimal 176)
   defining Unicode char U+00B1 (decimal 177)
   defining Unicode char U+00B2 (decimal 178)
   defining Unicode char U+00B3 (decimal 179)
   defining Unicode char U+00B4 (decimal 180)
   defining Unicode char U+00B5 (decimal 181)
   defining Unicode char U+00B6 (decimal 182)
   defining Unicode char U+00B7 (decimal 183)
   defining Unicode char U+00B9 (decimal 185)
   defining Unicode char U+00BA (decimal 186)
   defining Unicode char U+00BC (decimal 188)
   defining Unicode char U+00BD (decimal 189)
   defining Unicode char U+00BE (decimal 190)
   defining Unicode char U+00D7 (decimal 215)
   defining Unicode char U+00F7 (decimal 247)
   defining Unicode char U+0192 (decimal 402)
   defining Unicode char U+02C7 (decimal 711)
   defining Unicode char U+02D8 (decimal 728)
   defining Unicode char U+02DD (decimal 733)
   defining Unicode char U+0E3F (decimal 3647)
   defining Unicode char U+2016 (decimal 8214)
   defining Unicode char U+2020 (decimal 8224)
   defining Unicode char U+2021 (decimal 8225)
   defining Unicode char U+2022 (decimal 8226)
   defining Unicode char U+2030 (decimal 8240)
   defining Unicode char U+2031 (decimal 8241)
   defining Unicode char U+203B (decimal 8251)
   defining Unicode char U+203D (decimal 8253)
   defining Unicode char U+2044 (decimal 8260)
   defining Unicode char U+204E (decimal 8270)
   defining Unicode char U+2052 (decimal 8274)
   defining Unicode char U+20A1 (decimal 8353)
   defining Unicode char U+20A4 (decimal 8356)
   defining Unicode char U+20A6 (decimal 8358)
   defining Unicode char U+20A9 (decimal 8361)
   defining Unicode char U+20AB (decimal 8363)
   defining Unicode char U+20AC (decimal 8364)
   defining Unicode char U+20B1 (decimal 8369)
   defining Unicode char U+2103 (decimal 8451)
   defining Unicode char U+2116 (decimal 8470)
   defining Unicode char U+2117 (decimal 8471)
   defining Unicode char U+211E (decimal 8478)
   defining Unicode char U+2120 (decimal 8480)
   defining Unicode char U+2122 (decimal 8482)
   defining Unicode char U+2126 (decimal 8486)
   defining Unicode char U+2127 (decimal 8487)
   defining Unicode char U+212E (decimal 8494)
   defining Unicode char U+2190 (decimal 8592)
   defining Unicode char U+2191 (decimal 8593)
   defining Unicode char U+2192 (decimal 8594)
   defining Unicode char U+2193 (decimal 8595)
   defining Unicode char U+2329 (decimal 9001)
   defining Unicode char U+232A (decimal 9002)
   defining Unicode char U+2422 (decimal 9250)
   defining Unicode char U+25E6 (decimal 9702)
   defining Unicode char U+25EF (decimal 9711)
   defining Unicode char U+266A (decimal 9834)
   defining Unicode char U+27E8 (decimal 10216)
   defining Unicode char U+27E9 (decimal 10217)
   defining Unicode char U+FEFF (decimal 65279)
))
LaTeX Info: Redefining \oldstylenums on input line 334.
Package textcomp Info: Setting cmr sub-encoding to TS1/0 on input line 349.
Package textcomp Info: Setting cmss sub-encoding to TS1/0 on input line 350.
Package textcomp Info: Setting cmtt sub-encoding to TS1/0 on input line 351.
Package textcomp Info: Setting cmvtt sub-encoding to TS1/0 on input line 352.
Package textcomp Info: Setting cmbr sub-encoding to TS1/0 on input line 353.
Package textcomp Info: Setting cmtl sub-encoding to TS1/0 on input line 354.
Package textcomp Info: Setting ccr sub-encoding to TS1/0 on input line 355.
Package textcomp Info: Setting ptm sub-encoding to TS1/4 on input line 356.
Package textcomp Info: Setting pcr sub-encoding to TS1/4 on input line 357.
Package textcomp Info: Setting phv sub-encoding to TS1/4 on input line 358.
Package textcomp Info: Setting ppl sub-encoding to TS1/3 on input line 359.
Package textcomp Info: Setting pag sub-encoding to TS1/4 on input line 360.
Package textcomp Info: Setting pbk sub-encoding to TS1/4 on input line 361.
Package textcomp Info: Setting pnc sub-encoding to TS1/4 on input line 362.
Package textcomp Info: Setting pzc sub-encoding to TS1/4 on input line 363.
Package textcomp Info: Setting bch sub-encoding to TS1/4 on input line 364.
Package textcomp Info: Setting put sub-encoding to TS1/5 on input line 365.
Package textcomp Info: Setting uag sub-encoding to TS1/5 on input line 366.
Package textcomp Info: Setting ugq sub-encoding to TS1/5 on input line 367.
Package textcomp Info: Setting ul8 sub-encoding to TS1/4 on input line 368.
Package textcomp Info: Setting ul9 sub-encoding to TS1/4 on input line 369.
Package textcomp Info: Setting augie sub-encoding to TS1/5 on input line 370.
Package textcomp Info: Setting dayrom sub-encoding to TS1/3 on input line 371.
Package textcomp Info: Setting dayroms sub-encoding to TS1/3 on input line 372.

Package textcomp Info: Setting pxr sub-encoding to TS1/0 on input line 373.
Package textcomp Info: Setting pxss sub-encoding to TS1/0 on input line 374.
Package textcomp Info: Setting pxtt sub-encoding to TS1/0 on input line 375.
Package textcomp Info: Setting txr sub-encoding to TS1/0 on input line 376.
Package textcomp Info: Setting txss sub-encoding to TS1/0 on input line 377.
Package textcomp Info: Setting txtt sub-encoding to TS1/0 on input line 378.
Package textcomp Info: Setting lmr sub-encoding to TS1/0 on input line 379.
Package textcomp Info: Setting lmdh sub-encoding to TS1/0 on input line 380.
Package textcomp Info: Setting lmss sub-encoding to TS1/0 on input line 381.
Package textcomp Info: Setting lmssq sub-encoding to TS1/0 on input line 382.
Package textcomp Info: Setting lmvtt sub-encoding to TS1/0 on input line 383.
Package textcomp Info: Setting lmtt sub-encoding to TS1/0 on input line 384.
Package textcomp Info: Setting qhv sub-encoding to TS1/0 on input line 385.
Package textcomp Info: Setting qag sub-encoding to TS1/0 on input line 386.
Package textcomp Info: Setting qbk sub-encoding to TS1/0 on input line 387.
Package textcomp Info: Setting qcr sub-encoding to TS1/0 on input line 388.
Package textcomp Info: Setting qcs sub-encoding to TS1/0 on input line 389.
Package textcomp Info: Setting qpl sub-encoding to TS1/0 on input line 390.
Package textcomp Info: Setting qtm sub-encoding to TS1/0 on input line 391.
Package textcomp Info: Setting qzc sub-encoding to TS1/0 on input line 392.
Package textcomp Info: Setting qhvc sub-encoding to TS1/0 on input line 393.
Package textcomp Info: Setting futs sub-encoding to TS1/4 on input line 394.
Package textcomp Info: Setting futx sub-encoding to TS1/4 on input line 395.
Package textcomp Info: Setting futj sub-encoding to TS1/4 on input line 396.
Package textcomp Info: Setting hlh sub-encoding to TS1/3 on input line 397.
Package textcomp Info: Setting hls sub-encoding to TS1/3 on input line 398.
Package textcomp Info: Setting hlst sub-encoding to TS1/3 on input line 399.
Package textcomp Info: Setting hlct sub-encoding to TS1/5 on input line 400.
Package textcomp Info: Setting hlx sub-encoding to TS1/5 on input line 401.
Package textcomp Info: Setting hlce sub-encoding to TS1/5 on input line 402.
Package textcomp Info: Setting hlcn sub-encoding to TS1/5 on input line 403.
Package textcomp Info: Setting hlcw sub-encoding to TS1/5 on input line 404.
Package textcomp Info: Setting hlcf sub-encoding to TS1/5 on input line 405.
Package textcomp Info: Setting pplx sub-encoding to TS1/3 on input line 406.
Package textcomp Info: Setting pplj sub-encoding to TS1/3 on input line 407.
Package textcomp Info: Setting ptmx sub-encoding to TS1/4 on input line 408.
Package textcomp Info: Setting ptmj sub-encoding to TS1/4 on input line 409.
)
(c:/texlive/2019/texmf-dist/tex/latex/mhchem/rsphrase.sty
Package: rsphrase 2011/06/03 v3.11 Risk and Safety Phrases (mhchem bundle)
)
(c:/texlive/2019/texmf-dist/tex/latex/mhchem/mhchem.sty
Package: mhchem 2018/06/22 v4.08 for typesetting chemical formulae

(c:/texlive/2019/texmf-dist/tex/latex/l3kernel/expl3.sty
Package: expl3 2019-11-07 L3 programming layer (loader) 

(c:/texlive/2019/texmf-dist/tex/latex/l3kernel/expl3-code.tex
Package: expl3 2019-11-07 L3 programming layer (code)
\c_max_int=\count170
\l_tmpa_int=\count171
\l_tmpb_int=\count172
\g_tmpa_int=\count173
\g_tmpb_int=\count174
\l__seq_internal_a_int=\count175
\l__seq_internal_b_int=\count176
\g__kernel_prg_map_int=\count177
\c__ior_term_noprompt_ior=\count178
\c_log_iow=\count179
\l_iow_line_count_int=\count180
\l__iow_line_target_int=\count181
\l__iow_one_indent_int=\count182
\l__iow_indent_int=\count183
\c_zero_dim=\dimen180
\c_max_dim=\dimen181
\l_tmpa_dim=\dimen182
\l_tmpb_dim=\dimen183
\g_tmpa_dim=\dimen184
\g_tmpb_dim=\dimen185
\c_zero_skip=\skip274
\c_max_skip=\skip275
\l_tmpa_skip=\skip276
\l_tmpb_skip=\skip277
\g_tmpa_skip=\skip278
\g_tmpb_skip=\skip279
\c_zero_muskip=\muskip11
\c_max_muskip=\muskip12
\l_tmpa_muskip=\muskip13
\l_tmpb_muskip=\muskip14
\g_tmpa_muskip=\muskip15
\g_tmpb_muskip=\muskip16
\l_keys_choice_int=\count184
\l__intarray_loop_int=\count185
\c__intarray_sp_dim=\dimen186
\g__intarray_font_int=\count186
\c__fp_leading_shift_int=\count187
\c__fp_middle_shift_int=\count188
\c__fp_trailing_shift_int=\count189
\c__fp_big_leading_shift_int=\count190
\c__fp_big_middle_shift_int=\count191
\c__fp_big_trailing_shift_int=\count192
\c__fp_Bigg_leading_shift_int=\count193
\c__fp_Bigg_middle_shift_int=\count194
\c__fp_Bigg_trailing_shift_int=\count266
\c__kernel_randint_max_int=\count267
\g__fp_array_int=\count268
\l__fp_array_loop_int=\count269
\l__sort_length_int=\count270
\l__sort_min_int=\count271
\l__sort_top_int=\count272
\l__sort_max_int=\count273
\l__sort_true_max_int=\count274
\l__sort_block_int=\count275
\l__sort_begin_int=\count276
\l__sort_end_int=\count277
\l__sort_A_int=\count278
\l__sort_B_int=\count279
\l__sort_C_int=\count280
\l__str_internal_int=\count281
\c__str_replacement_char_int=\count282
\l__tl_analysis_normal_int=\count283
\l__tl_analysis_index_int=\count284
\l__tl_analysis_nesting_int=\count285
\l__tl_analysis_type_int=\count286
\l__regex_internal_a_int=\count287
\l__regex_internal_b_int=\count288
\l__regex_internal_c_int=\count289
\l__regex_balance_int=\count290
\l__regex_group_level_int=\count291
\l__regex_mode_int=\count292
\c__regex_cs_in_class_mode_int=\count293
\c__regex_cs_mode_int=\count294
\l__regex_catcodes_int=\count295
\l__regex_default_catcodes_int=\count296
\c__regex_catcode_D_int=\count297
\c__regex_catcode_S_int=\count298
\c__regex_catcode_L_int=\count299
\c__regex_catcode_O_int=\count300
\c__regex_catcode_A_int=\count301
\c__regex_all_catcodes_int=\count302
\l__regex_show_lines_int=\count303
\l__regex_min_state_int=\count304
\l__regex_max_state_int=\count305
\l__regex_left_state_int=\count306
\l__regex_right_state_int=\count307
\l__regex_capturing_group_int=\count308
\l__regex_min_pos_int=\count309
\l__regex_max_pos_int=\count310
\l__regex_curr_pos_int=\count311
\l__regex_start_pos_int=\count312
\l__regex_success_pos_int=\count313
\l__regex_curr_char_int=\count314
\l__regex_curr_catcode_int=\count315
\l__regex_last_char_int=\count316
\l__regex_case_changed_char_int=\count317
\l__regex_curr_state_int=\count318
\l__regex_step_int=\count319
\l__regex_min_active_int=\count320
\l__regex_max_active_int=\count321
\l__regex_replacement_csnames_int=\count322
\l__regex_match_count_int=\count323
\l__regex_min_submatch_int=\count324
\l__regex_submatch_int=\count325
\l__regex_zeroth_submatch_int=\count326
\g__regex_trace_regex_int=\count327
\c_empty_box=\box64
\l_tmpa_box=\box65
\l_tmpb_box=\box66
\g_tmpa_box=\box67
\g_tmpb_box=\box68
\l__box_top_dim=\dimen187
\l__box_bottom_dim=\dimen188
\l__box_left_dim=\dimen189
\l__box_right_dim=\dimen190
\l__box_top_new_dim=\dimen191
\l__box_bottom_new_dim=\dimen192
\l__box_left_new_dim=\dimen193
\l__box_right_new_dim=\dimen194
\l__box_internal_box=\box69
\l__coffin_internal_box=\box70
\l__coffin_internal_dim=\dimen256
\l__coffin_offset_x_dim=\dimen257
\l__coffin_offset_y_dim=\dimen258
\l__coffin_x_dim=\dimen259
\l__coffin_y_dim=\dimen260
\l__coffin_x_prime_dim=\dimen261
\l__coffin_y_prime_dim=\dimen262
\c_empty_coffin=\box71
\l__coffin_aligned_coffin=\box72
\l__coffin_aligned_internal_coffin=\box73
\l_tmpa_coffin=\box74
\l_tmpb_coffin=\box75
\g_tmpa_coffin=\box76
\g_tmpb_coffin=\box77
\l__coffin_bounding_shift_dim=\dimen263
\l__coffin_left_corner_dim=\dimen264
\l__coffin_right_corner_dim=\dimen265
\l__coffin_bottom_corner_dim=\dimen266
\l__coffin_top_corner_dim=\dimen267
\l__coffin_scaled_total_height_dim=\dimen268
\l__coffin_scaled_width_dim=\dimen269
\c__coffin_empty_coffin=\box78
\l__coffin_display_coffin=\box79
\l__coffin_display_coord_coffin=\box80
\l__coffin_display_pole_coffin=\box81
\l__coffin_display_offset_dim=\dimen270
\l__coffin_display_x_dim=\dimen271
\l__coffin_display_y_dim=\dimen272
\g__char_data_ior=\read2

(c:/texlive/2019/texmf-dist/tex/latex/l3kernel/l3deprecation.def
File: l3deprecation.def 2019-04-06 v L3 Deprecated functions
))
(c:/texlive/2019/texmf-dist/tex/latex/l3backend/l3backend-pdfmode.def
File: l3backend-pdfmode.def 2019-04-06 L3 backend support: PDF mode
\l__kernel_color_stack_int=\count328
\l__pdf_internal_box=\box82
))
(c:/texlive/2019/texmf-dist/tex/latex/l3packages/l3keys2e/l3keys2e.sty
Package: l3keys2e 2019-10-11 LaTeX2e option processing using LaTeX3 keys
)
(c:/texlive/2019/texmf-dist/tex/latex/chemgreek/chemgreek.sty
(c:/texlive/2019/texmf-dist/tex/latex/l3packages/xparse/xparse.sty
Package: xparse 2019-10-11 L3 Experimental document command parser
\l__xparse_current_arg_int=\count329
\g__xparse_grabber_int=\count330
\l__xparse_m_args_int=\count331
\l__xparse_v_nesting_int=\count332
)
Package: chemgreek 2016/12/20 v1.1 interfaceforuprightgreeklettersforuseinchemi
stry (CN)
\l__chemgreek_tmpa_int=\count333
\g__chemgreek_tmpa_int=\count334
)
\l__mhchem_ce_distanceFromLastComma_int=\count335
\__mhchem_arrow_extPgfLength_skip=\skip280
\mhchem@minispace@tmp=\skip281
\mhchem@minibackspace@tmp=\skip282
\mhchem@bondwidth=\skip283
\mhchem@bondheight=\skip284
\mhchem@smallbondwidth@tmpA=\skip285
\mhchem@smallbondwidth@tmpB=\skip286
\mhchem@smallbondwidth=\skip287
\mhchem@bondtmp@minussidebearingleft=\skip288
\mhchem@bondtmp@minussidebearingright=\skip289
\l__mhchem_option_version_int=\count336
\mhchem@option@minusmathsidebearingleft=\dimen273
\mhchem@option@minusmathsidebearingright=\dimen274
\mhchem@option@minustextsidebearingleft=\dimen275
\mhchem@option@minustextsidebearingright=\dimen276
)
(c:/texlive/2019/texmf-dist/tex/latex/siunitx/siunitx.sty
Package: siunitx 2019/10/10 v2.7t A comprehensive (SI) units package
\l__siunitx_tmp_box=\box83
\l__siunitx_tmp_dim=\dimen277
\l__siunitx_tmp_int=\count337
\l__siunitx_number_mantissa_length_int=\count338
\l__siunitx_number_uncert_length_int=\count339
\l__siunitx_round_int=\count340
\l__siunitx_process_decimal_int=\count341
\l__siunitx_process_uncertainty_int=\count342
\l__siunitx_process_fixed_int=\count343
\l__siunitx_process_integer_min_int=\count344
\l__siunitx_process_precision_int=\count345
\l__siunitx_group_min_int=\count346
\l__siunitx_angle_marker_box=\box84
\l__siunitx_angle_unit_box=\box85
\l__siunitx_angle_marker_dim=\dimen278
\l__siunitx_angle_unit_dim=\dimen279
\l__siunitx_unit_int=\count347
\l__siunitx_unit_denominator_int=\count348
\l__siunitx_unit_numerator_int=\count349
\l__siunitx_unit_prefix_int=\count350
\l__siunitx_unit_prefix_base_int=\count351
\l__siunitx_unit_prefix_gram_int=\count352
\l__siunitx_number_product_int=\count353
\c__siunitx_one_fill_skip=\skip290
\l__siunitx_table_unit_align_skip=\skip291
\l__siunitx_table_exponent_dim=\dimen280
\l__siunitx_table_integer_dim=\dimen281
\l__siunitx_table_mantissa_dim=\dimen282
\l__siunitx_table_marker_dim=\dimen283
\l__siunitx_table_result_dim=\dimen284
\l__siunitx_table_uncert_dim=\dimen285
\l__siunitx_table_fill_pre_dim=\dimen286
\l__siunitx_table_fill_post_dim=\dimen287
\l__siunitx_table_fill_mid_dim=\dimen288
\l__siunitx_table_pre_box=\box86
\l__siunitx_table_post_box=\box87
\l__siunitx_table_mantissa_box=\box88
\l__siunitx_table_result_box=\box89
\l__siunitx_table_number_align_skip=\skip292
\l__siunitx_table_text_align_skip=\skip293

(c:/texlive/2019/texmf-dist/tex/latex/translator/translator.sty
Package: translator 2019-05-31 v1.12a Easy translation of strings in LaTeX
))
(c:/texlive/2019/texmf-dist/tex/latex/tools/varioref.sty
Package: varioref 2019/11/05 v1.6c package for extended references (FMi)
\c@vrcnt=\count354
)
(c:/texlive/2019/texmf-dist/tex/latex/natbib/natbib.sty
Package: natbib 2010/09/13 8.31b (PWD, AO)
\bibhang=\skip294
\bibsep=\skip295
LaTeX Info: Redefining \cite on input line 694.
\c@NAT@ctr=\count355
)
(c:/texlive/2019/texmf-dist/tex/latex/paralist/paralist.sty
Package: paralist 2017/01/22 v2.7 Extended list environments
\pltopsep=\skip296
\plpartopsep=\skip297
\plitemsep=\skip298
\plparsep=\skip299
\pl@lab=\toks35
)
(c:/texlive/2019/texmf-dist/tex/latex/listings/listings.sty
\lst@mode=\count356
\lst@gtempboxa=\box90
\lst@token=\toks36
\lst@length=\count357
\lst@currlwidth=\dimen289
\lst@column=\count358
\lst@pos=\count359
\lst@lostspace=\dimen290
\lst@width=\dimen291
\lst@newlines=\count360
\lst@lineno=\count361
\lst@maxwidth=\dimen292

(c:/texlive/2019/texmf-dist/tex/latex/listings/lstmisc.sty
File: lstmisc.sty 2019/09/10 1.8c (Carsten Heinz)
\c@lstnumber=\count362
\lst@skipnumbers=\count363
\lst@framebox=\box91
)
(c:/texlive/2019/texmf-dist/tex/latex/listings/listings.cfg
File: listings.cfg 2019/09/10 1.8c listings configuration
))
Package: listings 2019/09/10 1.8c (Carsten Heinz)

(c:/texlive/2019/texmf-dist/tex/latex/lipsum/lipsum.sty
Package: lipsum 2019/01/02 v2.2 150 paragraphs of Lorem Ipsum dummy text

(c:/texlive/2019/texmf-dist/tex/latex/lipsum/lipsum.ltd.tex
File: lipsum.ltd.tex 2019/01/02 v2.2 The Lorem ipsum dummy text
))
(c:/texlive/2019/texmf-dist/tex/latex/enumitem/enumitem.sty
Package: enumitem 2019/06/20 v3.9 Customized lists
\labelindent=\skip300
\enit@outerparindent=\dimen293
\enit@toks=\toks37
\enit@inbox=\box92
\enit@count@id=\count364
\enitdp@description=\count365
)
(c:/texlive/2019/texmf-dist/tex/latex/pdfpages/pdfpages.sty
Package: pdfpages 2019/11/21 v0.5o Insert pages of external PDF documents (AM)

(c:/texlive/2019/texmf-dist/tex/latex/eso-pic/eso-pic.sty
Package: eso-pic 2018/04/12 v2.0h eso-pic (RN)

(c:/texlive/2019/texmf-dist/tex/generic/oberdiek/atbegshi.sty
Package: atbegshi 2016/06/09 v1.18 At begin shipout hook (HO)

(c:/texlive/2019/texmf-dist/tex/generic/oberdiek/infwarerr.sty
Package: infwarerr 2016/05/16 v1.4 Providing info/warning/error messages (HO)
)
(c:/texlive/2019/texmf-dist/tex/generic/oberdiek/ltxcmds.sty
Package: ltxcmds 2016/05/16 v1.23 LaTeX kernel commands for general use (HO)
)
(c:/texlive/2019/texmf-dist/tex/generic/iftex/ifpdf.sty
Package: ifpdf 2019/10/25 v3.4 ifpdf legacy package. Use iftex instead.
)))
\AM@pagewidth=\dimen294
\AM@pageheight=\dimen295

(c:/texlive/2019/texmf-dist/tex/latex/pdfpages/pppdftex.def
File: pppdftex.def 2019/11/21 v0.5o Pdfpages driver for pdfTeX (AM)
)
\AM@pagebox=\box93
\AM@global@opts=\toks38
\AM@toc@title=\toks39
\c@AM@survey=\count366
\AM@templatesizebox=\box94
)
(c:/texlive/2019/texmf-dist/tex/latex/fixme/fixme.sty
Package: fixme 2019/01/03 v4.5 Collaborative annotations for LaTeX2e

(c:/texlive/2019/texmf-dist/tex/latex/xkeyval/xkeyval.sty
Package: xkeyval 2014/12/03 v2.7a package option processing (HA)

(c:/texlive/2019/texmf-dist/tex/generic/xkeyval/xkeyval.tex
(c:/texlive/2019/texmf-dist/tex/generic/xkeyval/xkvutils.tex
\XKV@toks=\toks40
\XKV@tempa@toks=\toks41
)
\XKV@depth=\count367
File: xkeyval.tex 2014/12/03 v2.7a key=value parser (HA)
))
\lox@file=\read3
\c@fixmecount=\count368
\c@fxnotecount=\count369
\c@fxwarningcount=\count370
\c@fxerrorcount=\count371
\c@fxfatalcount=\count372
)

******************************************************
Stock height and width: 845.04684pt by 597.50787pt
Top and edge trims: 0pt and 0pt
Page height and width: 845.04684pt by 597.50787pt
Text height and width: 691.0003pt by 426pt
Spine and edge margins: 99.58464pt and 71.13188pt
Upper and lower margins: 71.13188pt and 82.91466pt
Headheight and headsep: 13.6pt and 19.8738pt
Footskip: 27.46295pt
Columnsep and columnseprule: 10pt and 0pt
Marginparsep and marginparwidth: 7pt and 57.13188pt
Sidecapsep and sidecapwidth: 7pt and 101pt
Sidebarhsep and sidebarwidth: 7pt and 101pt
Sidebarvsep and sidebartopsep: 13.6pt and 0pt
Sidebarheight: 594.32022pt
Sidefoothsep and sidefootwidth: 7pt and 101pt
Sidefootvsep and sidefootheight: 13.6pt and 594.32022pt
******************************************************

(c:/texlive/2019/texmf-dist/tex/latex/hyperref/hyperref.sty
Package: hyperref 2019/11/10 v7.00c Hypertext links for LaTeX

(c:/texlive/2019/texmf-dist/tex/latex/pdftexcmds/pdftexcmds.sty
Package: pdftexcmds 2019/11/24 v0.31 Utility functions of pdfTeX for LuaTeX (HO
)
Package pdftexcmds Info: \pdf@primitive is available.
Package pdftexcmds Info: \pdf@ifprimitive is available.
Package pdftexcmds Info: \pdfdraftmode found.
)
(c:/texlive/2019/texmf-dist/tex/generic/oberdiek/kvsetkeys.sty
Package: kvsetkeys 2016/05/16 v1.17 Key value parser (HO)

(c:/texlive/2019/texmf-dist/tex/generic/oberdiek/etexcmds.sty
Package: etexcmds 2016/05/16 v1.6 Avoid name clashes with e-TeX commands (HO)

(c:/texlive/2019/texmf-dist/tex/generic/iftex/ifluatex.sty
Package: ifluatex 2019/10/25 v1.5 ifluatex legacy package. Use iftex instead.
)))
(c:/texlive/2019/texmf-dist/tex/generic/oberdiek/kvdefinekeys.sty
Package: kvdefinekeys 2016/05/16 v1.4 Define keys (HO)
)
(c:/texlive/2019/texmf-dist/tex/generic/oberdiek/pdfescape.sty
Package: pdfescape 2016/05/16 v1.14 Implements pdfTeX's escape features (HO)
)
(c:/texlive/2019/texmf-dist/tex/latex/oberdiek/hycolor.sty
Package: hycolor 2016/05/16 v1.8 Color options for hyperref/bookmark (HO)

(c:/texlive/2019/texmf-dist/tex/latex/oberdiek/xcolor-patch.sty
Package: xcolor-patch 2016/05/16 xcolor patch

(c:/texlive/2019/texmf-dist/tex/latex/oberdiek/hopatch.sty
Package: hopatch 2016/05/16 v1.3 Wrapper for package hooks (HO)
)))
(c:/texlive/2019/texmf-dist/tex/latex/oberdiek/letltxmacro.sty
Package: letltxmacro 2016/05/16 v1.5 Let assignment for LaTeX macros (HO)
)
(c:/texlive/2019/texmf-dist/tex/latex/oberdiek/auxhook.sty
Package: auxhook 2016/05/16 v1.4 Hooks for auxiliary files (HO)
)
(c:/texlive/2019/texmf-dist/tex/latex/oberdiek/kvoptions.sty
Package: kvoptions 2016/05/16 v3.12 Key value format for package options (HO)
)
\@linkdim=\dimen296
\Hy@linkcounter=\count373
\Hy@pagecounter=\count374

(c:/texlive/2019/texmf-dist/tex/latex/hyperref/pd1enc.def
File: pd1enc.def 2019/11/10 v7.00c Hyperref: PDFDocEncoding definition (HO)
Now handling font encoding PD1 ...
... no UTF-8 mapping file for font encoding PD1
)
(c:/texlive/2019/texmf-dist/tex/generic/oberdiek/intcalc.sty
Package: intcalc 2016/05/16 v1.2 Expandable calculations with integers (HO)
)
\Hy@SavedSpaceFactor=\count375

(c:/texlive/2019/texmf-dist/tex/latex/latexconfig/hyperref.cfg
File: hyperref.cfg 2002/06/06 v1.2 hyperref configuration of TeXLive
)
Package hyperref Info: Option `colorlinks' set `true' on input line 4409.
Package hyperref Info: Hyper figures OFF on input line 4535.
Package hyperref Info: Link nesting OFF on input line 4540.
Package hyperref Info: Hyper index ON on input line 4543.
Package hyperref Info: Plain pages OFF on input line 4550.
Package hyperref Info: Backreferencing OFF on input line 4555.
Package hyperref Info: Implicit mode ON; LaTeX internals redefined.
Package hyperref Info: Bookmarks ON on input line 4788.
\c@Hy@tempcnt=\count376

(c:/texlive/2019/texmf-dist/tex/latex/url/url.sty
\Urlmuskip=\muskip17
Package: url 2013/09/16  ver 3.4  Verb mode for urls, etc.
)
LaTeX Info: Redefining \url on input line 5147.
\XeTeXLinkMargin=\dimen297

(c:/texlive/2019/texmf-dist/tex/generic/oberdiek/bitset.sty
Package: bitset 2016/05/16 v1.2 Handle bit-vector datatype (HO)

(c:/texlive/2019/texmf-dist/tex/generic/oberdiek/bigintcalc.sty
Package: bigintcalc 2016/05/16 v1.4 Expandable calculations on big integers (HO
)
))
\Fld@menulength=\count377
\Field@Width=\dimen298
\Fld@charsize=\dimen299
Package hyperref Info: Hyper figures OFF on input line 6418.
Package hyperref Info: Link nesting OFF on input line 6423.
Package hyperref Info: Hyper index ON on input line 6426.
Package hyperref Info: backreferencing OFF on input line 6433.
Package hyperref Info: Link coloring ON on input line 6436.
Package hyperref Info: Link coloring with OCG OFF on input line 6443.
Package hyperref Info: PDF/A mode OFF on input line 6448.
LaTeX Info: Redefining \ref on input line 6488.
LaTeX Info: Redefining \pageref on input line 6492.
\Hy@abspage=\count378
\c@Item=\count379
\c@Hfootnote=\count380
)
(c:/texlive/2019/texmf-dist/tex/latex/memoir/memhfixc.sty
Package: memhfixc 2019/10/24 v1.18 nameref/hyperref package fixes for memoir cl
ass
\c@memhycontfloat=\count381
\c@Hpagenote=\count382
)
Package hyperref Info: Driver (autodetected): hpdftex.

(c:/texlive/2019/texmf-dist/tex/latex/hyperref/hpdftex.def
File: hpdftex.def 2019/11/10 v7.00c Hyperref driver for pdfTeX

(c:/texlive/2019/texmf-dist/tex/latex/oberdiek/atveryend.sty
Package: atveryend 2016/05/16 v1.9 Hooks at the very end of document (HO)
Package atveryend Info: \enddocument detected (standard20110627).
)
\Fld@listcount=\count383
\c@bookmark@seq@number=\count384

(c:/texlive/2019/texmf-dist/tex/latex/oberdiek/rerunfilecheck.sty
Package: rerunfilecheck 2016/05/16 v1.8 Rerun checks for auxiliary files (HO)

(c:/texlive/2019/texmf-dist/tex/generic/oberdiek/uniquecounter.sty
Package: uniquecounter 2016/05/16 v1.3 Provide unlimited unique counter (HO)
)
Package uniquecounter Info: New unique counter `rerunfilecheck' on input line 2
85.
)
\Hy@SectionHShift=\skip301
)
Package hyperref Info: Option `colorlinks' set `true' on input line 92.

(c:/texlive/2019/texmf-dist/tex/latex/listings/lstlang1.sty
File: lstlang1.sty 2019/09/10 1.8c listings language file
)
(c:/texlive/2019/texmf-dist/tex/latex/microtype/microtype.sty
Package: microtype 2019/11/18 v2.7d Micro-typographical refinements (RS)
\MT@toks=\toks42
\MT@count=\count385
LaTeX Info: Redefining \textls on input line 790.
\MT@outer@kern=\dimen300
LaTeX Info: Redefining \textmicrotypecontext on input line 1354.
\MT@listname@count=\count386

(c:/texlive/2019/texmf-dist/tex/latex/microtype/microtype-pdftex.def
File: microtype-pdftex.def 2019/11/18 v2.7d Definitions specific to pdftex (RS)

LaTeX Info: Redefining \lsstyle on input line 914.
LaTeX Info: Redefining \lslig on input line 914.
\MT@outer@space=\skip302
)
Package microtype Info: Loading configuration file microtype.cfg.

(c:/texlive/2019/texmf-dist/tex/latex/microtype/microtype.cfg
File: microtype.cfg 2019/11/18 v2.7d microtype main configuration file (RS)
))
(c:/texlive/2019/texmf-dist/tex/latex/cite/cite.sty
LaTeX Info: Redefining \cite on input line 302.
LaTeX Info: Redefining \nocite on input line 332.
Package: cite 2015/02/27  v 5.5
)
(c:/texlive/2019/texmf-dist/tex/latex/easylist/easylist.sty
Package: easylist 2014/01/11 v.1.4 Numbered items with a single command.
\el@CounterTotal=\count387
\el@Scratch=\count388
\el@ControlCounter=\count389
\el@CounterLevel=\count390
\c@List1=\count391
\c@List2=\count392
\c@List3=\count393
\c@List4=\count394
\c@List5=\count395
\c@List6=\count396
\c@List7=\count397
\c@List8=\count398
\c@List9=\count399
\c@List10=\count400
\el@ProgressiveDimension=\dimen301
\el@CounterBox=\box95
\el@ControlBox=\box96
\el@TotalMargin=\dimen302
\el@LeftMove=\dimen303
)
(c:/texlive/2019/texmf-dist/tex/latex/etoolbox/etoolbox.sty
Package: etoolbox 2019/09/21 v2.5h e-TeX tools for LaTeX (JAW)
\etb@tempcnta=\count401
)
(c:/texlive/2019/texmf-dist/tex/latex/titlesec/titlesec.sty
Package: titlesec 2019/10/16 v2.13 Sectioning titles
\ttl@box=\box97
\beforetitleunit=\skip303
\aftertitleunit=\skip304
\ttl@plus=\dimen304
\ttl@minus=\dimen305
\ttl@toksa=\toks43
\titlewidth=\dimen306
\titlewidthlast=\dimen307
\titlewidthfirst=\dimen308
)
(c:/texlive/2019/texmf-dist/tex/latex/placeins/placeins.sty
Package: placeins 2005/04/18  v 2.2
)
(c:/texlive/2019/texmf-dist/tex/latex/subfig/subfig.sty
Package: subfig 2005/06/28 ver: 1.3 subfig package


Class memoir Warning: For the caption package to function properly with memoir,
 we will now reset\caption and friends to kernel defaults and then let the capt
ion package take over. Remember: all caption configuration now goves via the ca
ption package interface, not the interface from the memoir class. .

(c:/texlive/2019/texmf-dist/tex/latex/caption/caption.sty
Package: caption 2019/10/18 v3.4a Customizing captions (AR)

(c:/texlive/2019/texmf-dist/tex/latex/caption/caption3.sty
Package: caption3 2019/09/09 v1.8e caption3 kernel (AR)
Package caption3 Info: TeX engine: e-TeX on input line 64.
\captionmargin=\dimen309
\captionmargin@=\dimen310
\captionwidth=\dimen311
\caption@tempdima=\dimen312
\caption@indent=\dimen313
\caption@parindent=\dimen314
\caption@hangindent=\dimen315
Package caption Info: memoir document class detected.
)
\c@caption@flags=\count402
\c@continuedfloat=\count403
Package caption Info: float package is loaded.
Package caption Info: hyperref package is loaded.
Package caption Info: listings package is loaded.
Package caption Info: rotating package is loaded.
Package caption Info: wrapfig package is loaded.
)
\c@KVtest=\count404
\sf@farskip=\skip305
\sf@captopadj=\dimen316
\sf@capskip=\skip306
\sf@nearskip=\skip307
\c@subfigure=\count405
\c@subfigure@save=\count406
\c@subtable=\count407
\c@subtable@save=\count408
\sf@top=\skip308
\sf@bottom=\skip309
)
(c:/texlive/2019/texmf-dist/tex/latex/adjustbox/adjustbox.sty
Package: adjustbox 2019/01/04 v1.2 Adjusting TeX boxes (trim, clip, ...)

(c:/texlive/2019/texmf-dist/tex/latex/adjustbox/adjcalc.sty
Package: adjcalc 2012/05/16 v1.1 Provides advanced setlength with multiple back
-ends (calc, etex, pgfmath)
)
(c:/texlive/2019/texmf-dist/tex/latex/adjustbox/trimclip.sty
Package: trimclip 2018/04/08 v1.1 Trim and clip general TeX material

(c:/texlive/2019/texmf-dist/tex/latex/collectbox/collectbox.sty
Package: collectbox 2012/05/17 v0.4b Collect macro arguments as boxes
\collectedbox=\box98
)
\tc@llx=\dimen317
\tc@lly=\dimen318
\tc@urx=\dimen319
\tc@ury=\dimen320
Package trimclip Info: Using driver 'tc-pdftex.def'.

(c:/texlive/2019/texmf-dist/tex/latex/adjustbox/tc-pdftex.def
File: tc-pdftex.def 2019/01/04 v2.2 Clipping driver for pdftex
))
\adjbox@Width=\dimen321
\adjbox@Height=\dimen322
\adjbox@Depth=\dimen323
\adjbox@Totalheight=\dimen324
\adjbox@pwidth=\dimen325
\adjbox@pheight=\dimen326
\adjbox@pdepth=\dimen327
\adjbox@ptotalheight=\dimen328

(c:/texlive/2019/texmf-dist/tex/latex/ifoddpage/ifoddpage.sty
Package: ifoddpage 2016/04/23 v1.1 Conditionals for odd/even page detection
\c@checkoddpage=\count409
LaTeX Info: Redefining \checkoddpage on input line 45.
)
(c:/texlive/2019/texmf-dist/tex/latex/varwidth/varwidth.sty
Package: varwidth 2009/03/30 ver 0.92;  Variable-width minipages
\@vwid@box=\box99
\sift@deathcycles=\count410
\@vwid@loff=\dimen329
\@vwid@roff=\dimen330
))) (./main.aux
(./Formalia/FrontPage.aux) (./Formalia/Titelblad.aux) (./Formalia/Preface.aux)
(./Formalia/Intro.aux) (./Part1/CaseData.aux) (./Part1/RasterFormatting.aux)
(./Part1/CurrentSolution.aux) (./Part1/VisualConventions.aux)
(./Part2/InteractiveMap.aux) (./Part1/RelatedWork.aux)
(./Part2/CoreConcepts.aux) (./Part2/FinalDesign.aux)
(./Part3/DevelopingTool.aux

LaTeX Warning: Label `VoresJS' multiply defined.

) (./Part2/EvaluationMethods.aux) (./Part4/Evaluation.aux)
(./Part4/Discussion.aux) (./Part4/Conclusion.aux)

LaTeX Warning: Label `VoresJS' multiply defined.


LaTeX Warning: Label `VoresJS' multiply defined.


LaTeX Warning: Label `VoresJS' multiply defined.

)
\openout1 = `main.aux'.

LaTeX Font Info:    Checking defaults for OML/cmm/m/it on input line 7.
LaTeX Font Info:    ... okay on input line 7.
LaTeX Font Info:    Checking defaults for T1/cmr/m/n on input line 7.
LaTeX Font Info:    ... okay on input line 7.
LaTeX Font Info:    Checking defaults for OT1/cmr/m/n on input line 7.
LaTeX Font Info:    ... okay on input line 7.
LaTeX Font Info:    Checking defaults for OMS/cmsy/m/n on input line 7.
LaTeX Font Info:    ... okay on input line 7.
LaTeX Font Info:    Checking defaults for OMX/cmex/m/n on input line 7.
LaTeX Font Info:    ... okay on input line 7.
LaTeX Font Info:    Checking defaults for U/cmr/m/n on input line 7.
LaTeX Font Info:    ... okay on input line 7.
LaTeX Font Info:    Checking defaults for TS1/cmr/m/n on input line 7.
LaTeX Font Info:    Trying to load font information for TS1+cmr on input line 7
.
 (c:/texlive/2019/texmf-dist/tex/latex/base/ts1cmr.fd
File: ts1cmr.fd 2014/09/29 v2.5h Standard LaTeX font definitions
)
LaTeX Font Info:    ... okay on input line 7.
LaTeX Font Info:    Checking defaults for PD1/pdf/m/n on input line 7.
LaTeX Font Info:    ... okay on input line 7.
LaTeX Font Info:    Trying to load font information for T1+lmr on input line 7.


(c:/texlive/2019/texmf-dist/tex/latex/lm/t1lmr.fd
File: t1lmr.fd 2009/10/30 v1.6 Font defs for Latin Modern
)
ABD: EverySelectfont initializing macros
LaTeX Info: Redefining \selectfont on input line 7.

(c:/texlive/2019/texmf-dist/tex/context/base/mkii/supp-pdf.mkii
[Loading MPS to PDF converter (version 2006.09.02).]
\scratchcounter=\count411
\scratchdimen=\dimen331
\scratchbox=\box100
\nofMPsegments=\count412
\nofMParguments=\count413
\everyMPshowfont=\toks44
\MPscratchCnt=\count414
\MPscratchDim=\dimen332
\MPnumerator=\count415
\makeMPintoPDFobject=\count416
\everyMPtoPDFconversion=\toks45
) (c:/texlive/2019/texmf-dist/tex/latex/epstopdf-pkg/epstopdf-base.sty
Package: epstopdf-base 2019/11/27 v2.8 Base part for package epstopdf
Package epstopdf-base Info: Redefining graphics rule for `.eps' on input line 4
85.

(c:/texlive/2019/texmf-dist/tex/latex/latexconfig/epstopdf-sys.cfg
File: epstopdf-sys.cfg 2010/07/13 v1.3 Configuration of (r)epstopdf for TeX Liv
e
))

Package chemgreek Info: Activating mapping `default' on line 7.


(c:/texlive/2019/texmf-dist/tex/latex/translator/translator-basic-dictionary-En
glish.dict
Dictionary: translator-basic-dictionary, Language: English 
)
(c:/texlive/2019/texmf-dist/tex/latex/siunitx/siunitx-abbreviations.cfg
File: siunitx-abbreviations.cfg 2017/11/26 v2.7k siunitx: Abbreviated units
)
\c@lstlisting=\count417
\AtBeginShipoutBox=\box101

(c:/texlive/2019/texmf-dist/tex/latex/oberdiek/pdflscape.sty
Package: pdflscape 2016/05/14 v0.11 Display of landscape pages in PDF (HO)

(c:/texlive/2019/texmf-dist/tex/latex/graphics/lscape.sty
Package: lscape 2000/10/22 v3.01 Landscape Pages (DPC)
)
Package pdflscape Info: Auto-detected driver: pdftex on input line 84.

(c:/texlive/2019/texmf-dist/tex/generic/iftex/ifxetex.sty
Package: ifxetex 2019/10/25 v0.7 ifxetex legacy package. Use iftex instead.
))
Package hyperref Info: Link coloring ON on input line 7.

(c:/texlive/2019/texmf-dist/tex/latex/hyperref/nameref.sty
Package: nameref 2019/09/16 v2.46 Cross-referencing by name of section

(c:/texlive/2019/texmf-dist/tex/latex/oberdiek/refcount.sty
Package: refcount 2016/05/16 v3.5 Data extraction from label references (HO)
)
(c:/texlive/2019/texmf-dist/tex/generic/oberdiek/gettitlestring.sty
Package: gettitlestring 2016/05/16 v1.5 Cleanup title references (HO)
)
\c@section@level=\count418
LaTeX Info: Redefining \Ref on input line 520.
)
Redoing nameref's sectioning
Redoing nameref's label
LaTeX Info: Redefining \nameref on input line 7.
LaTeX Info: Redefining \ref on input line 7.
LaTeX Info: Redefining \pageref on input line 7.
LaTeX Info: Redefining \nameref on input line 7.
(./main.out) (./main.out)
\@outlinefile=\write4
\openout4 = `main.out'.

LaTeX Info: Redefining \Ref on input line 7.
LaTeX Info: Redefining \microtypecontext on input line 7.
Package microtype Info: Generating PDF output.
Package microtype Info: Character protrusion enabled (level 2).
Package microtype Info: Using default protrusion set `alltext'.
Package microtype Info: Automatic font expansion enabled (level 2),
(microtype)             stretch: 20, shrink: 20, step: 1, non-selected.
Package microtype Info: Using default expansion set `basictext'.
LaTeX Info: Redefining \showhyphens on input line 7.
Package microtype Info: No adjustment of tracking.
Package microtype Info: No adjustment of interword spacing.
Package microtype Info: No adjustment of character kerning.

(c:/texlive/2019/texmf-dist/tex/latex/microtype/mt-cmr.cfg
File: mt-cmr.cfg 2013/05/19 v2.2 microtype config. file: Computer Modern Roman 
(RS)
)
Package caption Info: Begin \AtBeginDocument code.
Package caption Info: subfig package v1.3 is loaded.
Package caption Info: End \AtBeginDocument code.
LaTeX Font Info:    Trying to load font information for OT1+lmr on input line 7
.

(c:/texlive/2019/texmf-dist/tex/latex/lm/ot1lmr.fd
File: ot1lmr.fd 2009/10/30 v1.6 Font defs for Latin Modern
)
LaTeX Font Info:    Trying to load font information for OML+lmm on input line 7
.

(c:/texlive/2019/texmf-dist/tex/latex/lm/omllmm.fd
File: omllmm.fd 2009/10/30 v1.6 Font defs for Latin Modern
)
LaTeX Font Info:    Trying to load font information for OMS+lmsy on input line 
7.

(c:/texlive/2019/texmf-dist/tex/latex/lm/omslmsy.fd
File: omslmsy.fd 2009/10/30 v1.6 Font defs for Latin Modern
)
LaTeX Font Info:    Trying to load font information for OMX+lmex on input line 
7.

(c:/texlive/2019/texmf-dist/tex/latex/lm/omxlmex.fd
File: omxlmex.fd 2009/10/30 v1.6 Font defs for Latin Modern
)
LaTeX Font Info:    External font `lmex10' loaded for size
(Font)              <10.95> on input line 7.
LaTeX Font Info:    External font `lmex10' loaded for size
(Font)              <8> on input line 7.
LaTeX Font Info:    External font `lmex10' loaded for size
(Font)              <6> on input line 7.
LaTeX Font Info:    Trying to load font information for U+msa on input line 7.

(c:/texlive/2019/texmf-dist/tex/latex/amsfonts/umsa.fd
File: umsa.fd 2013/01/14 v3.01 AMS symbols A
)
(c:/texlive/2019/texmf-dist/tex/latex/microtype/mt-msa.cfg
File: mt-msa.cfg 2006/02/04 v1.1 microtype config. file: AMS symbols (a) (RS)
)
LaTeX Font Info:    Trying to load font information for U+msb on input line 7.

(c:/texlive/2019/texmf-dist/tex/latex/amsfonts/umsb.fd
File: umsb.fd 2013/01/14 v3.01 AMS symbols B
)
(c:/texlive/2019/texmf-dist/tex/latex/microtype/mt-msb.cfg
File: mt-msb.cfg 2005/06/01 v1.0 microtype config. file: AMS symbols (b) (RS)
)
LaTeX Font Info:    Trying to load font information for U+stmry on input line 7
.

(c:/texlive/2019/texmf-dist/tex/latex/stmaryrd/Ustmry.fd)
LaTeX Font Info:    Trying to load font information for OT1+lmss on input line 
7.

(c:/texlive/2019/texmf-dist/tex/latex/lm/ot1lmss.fd
File: ot1lmss.fd 2009/10/30 v1.6 Font defs for Latin Modern
)
Package microtype Info: Loading generic protrusion settings for font family
(microtype)             `lmss' (encoding: OT1).
(microtype)             For optimal results, create family-specific settings.
(microtype)             See the microtype manual for details.
LaTeX Font Info:    Trying to load font information for OT1+lmtt on input line 
7.

(c:/texlive/2019/texmf-dist/tex/latex/lm/ot1lmtt.fd
File: ot1lmtt.fd 2009/10/30 v1.6 Font defs for Latin Modern
)
Package microtype Info: Loading generic protrusion settings for font family
(microtype)             `lmtt' (encoding: OT1).
(microtype)             For optimal results, create family-specific settings.
(microtype)             See the microtype manual for details.
\openout2 = `Formalia/FrontPage.aux'.

 (./Formalia/FrontPage.tex
Package microtype Info: Character `029' is missing
(microtype)             in font `T1/lmr/m/sc/10.95'.
(microtype)             Ignoring protrusion settings for this character.
Package microtype Info: Character `029' is missing
(microtype)             in font `T1/lmr/m/sc/17.28'.
(microtype)             Ignoring protrusion settings for this character.
Package microtype Info: Character `029' is missing
(microtype)             in font `T1/lmr/m/sc/14.4'.
(microtype)             Ignoring protrusion settings for this character.
<Pictures/Frontpage.png, id=96, 633.86812pt x 421.575pt>
File: Pictures/Frontpage.png Graphic file (type png)
<use Pictures/Frontpage.png>
Package pdftex.def Info: Pictures/Frontpage.png  used on input line 10.
(pdftex.def)             Requested size: 426.0pt x 283.33505pt.

[1


{c:/texlive/2019/texmf-var/fonts/map/pdftex/updmap/pdftex.map} <./Pictures/Fron
tpage.PNG>] [2

])
\openout2 = `Formalia/Titelblad.aux'.

 (./Formalia/Titelblad.tex (./Formalia/Abstract.tex))
Overfull \hbox (121.71281pt too wide) in paragraph at lines 20--15
[][]  [] 
 []

[1




] [2


]
\openout2 = `Formalia/Preface.aux'.

 (./Formalia/Preface.tex
(c:/texlive/2019/texmf-dist/tex/latex/psnfss/t1pbk.fd)) [3


] [4


] (./main.toc
LaTeX Font Info:    External font `lmex10' loaded for size
(Font)              <12> on input line 11.

[5]) [6]
\openout2 = `Formalia/Intro.aux'.

 (./Formalia/Intro.texpdfTeX warning (ext4): destination with the same identifi
er (name{page.1}) has been already used, duplicate ignored
<to be read again> 
                   \relax 
l.29 
      [1



]
<Pictures/ReportStructure.png, id=273, 377.91188pt x 369.63094pt>
File: Pictures/ReportStructure.png Graphic file (type png)
<use Pictures/ReportStructure.png>
Package pdftex.def Info: Pictures/ReportStructure.png  used on input line 62.
(pdftex.def)             Requested size: 426.0pt x 416.6685pt.
pdfTeX warning (ext4): destination with the same identifier (name{page.2}) has 
been already used, duplicate ignored
<to be read again> 
                   \relax 
l.66 
      [2] [3 <./Pictures/ReportStructure.PNG>]) [4] [5


] [6]
\openout2 = `Part1/CaseData.aux'.


(./Part1/CaseData.tex
<Pictures/CreatingData.png, id=317, 610.53094pt x 221.32687pt>
File: Pictures/CreatingData.png Graphic file (type png)
<use Pictures/CreatingData.png>
Package pdftex.def Info: Pictures/CreatingData.png  used on input line 15.
(pdftex.def)             Requested size: 426.0pt x 154.43805pt.
 [7


]
<Pictures/SSPAxis.png, id=329, 517.18219pt x 397.485pt>
File: Pictures/SSPAxis.png Graphic file (type png)
<use Pictures/SSPAxis.png>
Package pdftex.def Info: Pictures/SSPAxis.png  used on input line 33.
(pdftex.def)             Requested size: 255.6026pt x 196.44333pt.
 [8 <./Pictures/CreatingData.png>]
<Pictures/SSPTable.png, id=343, 369.63094pt x 183.68625pt>
File: Pictures/SSPTable.png Graphic file (type png)
<use Pictures/SSPTable.png>
Package pdftex.def Info: Pictures/SSPTable.png  used on input line 48.
(pdftex.def)             Requested size: 340.8013pt x 169.36055pt.
 [9 <./Pictures/SSPAxis.PNG>]) [10 <./Pictures/SSPTable.PNG>]
\openout2 = `Part1/RasterFormatting.aux'.

 (./Part1/RasterFormatting.tex
<Pictures/TilesPerZoomLevel.png, id=380, 504.38437pt x 195.73125pt>
File: Pictures/TilesPerZoomLevel.png Graphic file (type png)
<use Pictures/TilesPerZoomLevel.png>
Package pdftex.def Info: Pictures/TilesPerZoomLevel.png  used on input line 19.

(pdftex.def)             Requested size: 426.0pt x 165.31506pt.

[11



]
<Pictures/TMSXYZ.png, id=398, 488.57532pt x 231.11343pt>
File: Pictures/TMSXYZ.png Graphic file (type png)
<use Pictures/TMSXYZ.png>
Package pdftex.def Info: Pictures/TMSXYZ.png  used on input line 35.
(pdftex.def)             Requested size: 340.8013pt x 161.21405pt.
) [12 <./Pictures/TilesPerZoomLevel.PNG> <./Pictures/TMSXYZ.PNG>]
\openout2 = `Part1/CurrentSolution.aux'.


(./Part1/CurrentSolution.tex
<Pictures/QGIS.png, id=419, 1197.72469pt x 624.83438pt>
File: Pictures/QGIS.png Graphic file (type png)
<use Pictures/QGIS.png>
Package pdftex.def Info: Pictures/QGIS.png  used on input line 11.
(pdftex.def)             Requested size: 340.8013pt x 177.78409pt.
<Pictures/Geoserver.png, id=420, 625.58719pt x 357.58594pt>
File: Pictures/Geoserver.png Graphic file (type png)
<use Pictures/Geoserver.png>
Package pdftex.def Info: Pictures/Geoserver.png  used on input line 20.
(pdftex.def)             Requested size: 340.8013pt x 194.80681pt.
 [13



 <./Pictures/QGIS.PNG>]
<Pictures/Mapserver.png, id=435, 615.80063pt x 375.65344pt>
File: Pictures/Mapserver.png Graphic file (type png)
<use Pictures/Mapserver.png>
Package pdftex.def Info: Pictures/Mapserver.png  used on input line 29.
(pdftex.def)             Requested size: 426.0pt x 259.87752pt.
 [14 <./Pictures/Geoserver.PNG>]
<Pictures/MakeCityWebsite1.png, id=450, 994.31474pt x 496.254pt>
File: Pictures/MakeCityWebsite1.png Graphic file (type png)
<use Pictures/MakeCityWebsite1.png>
Package pdftex.def Info: Pictures/MakeCityWebsite1.png  used on input line 44.
(pdftex.def)             Requested size: 426.0pt x 212.61269pt.
 [15 <./Pictures/Mapserver.PNG>]
<Pictures/MakeCityWebsite2.png, id=463, 997.326pt x 493.24275pt>
File: Pictures/MakeCityWebsite2.png Graphic file (type png)
<use Pictures/MakeCityWebsite2.png>
Package pdftex.def Info: Pictures/MakeCityWebsite2.png  used on input line 56.
(pdftex.def)             Requested size: 340.8013pt x 168.54326pt.
 [16 <./Pictures/MakeCityWebsite1.PNG>]) [17 <./Pictures/MakeCityWebsite2.PNG>]
\openout2 = `Part1/VisualConventions.aux'.

 (./Part1/VisualConventions.tex
[18



]
<Pictures/MunsellColorSystem.png, id=490, 903.375pt x 903.375pt>
File: Pictures/MunsellColorSystem.png Graphic file (type png)
<use Pictures/MunsellColorSystem.png>
Package pdftex.def Info: Pictures/MunsellColorSystem.png  used on input line 16
.
(pdftex.def)             Requested size: 170.3974pt x 170.38866pt.
 [19 <./Pictures/MunsellColorSystem.png>]
<Pictures/BrewerDataTypes.png, id=506, 441.14813pt x 290.58563pt>
File: Pictures/BrewerDataTypes.png Graphic file (type png)
<use Pictures/BrewerDataTypes.png>
Package pdftex.def Info: Pictures/BrewerDataTypes.png  used on input line 43.
(pdftex.def)             Requested size: 340.8013pt x 224.49652pt.
 [20 <./Pictures/BrewerDataTypes.png>]) [21]
\openout2 = `Part2/InteractiveMap.aux'.

 (./Part2/InteractiveMap.tex [22



]
<Pictures/InteractiveMap.png, id=547, 497.60907pt x 319.1925pt>
File: Pictures/InteractiveMap.png Graphic file (type png)
<use Pictures/InteractiveMap.png>
Package pdftex.def Info: Pictures/InteractiveMap.png  used on input line 7.
(pdftex.def)             Requested size: 340.8013pt x 218.61143pt.
<Pictures/tabOSMFunctions.png, id=553, 494.59781pt x 271.76532pt>
File: Pictures/tabOSMFunctions.png Graphic file (type png)
<use Pictures/tabOSMFunctions.png>
Package pdftex.def Info: Pictures/tabOSMFunctions.png  used on input line 22.
(pdftex.def)             Requested size: 340.8013pt x 187.25702pt.
 [23 <./Pictures/InteractiveMap.PNG>] [24 <./Pictures/tabOSMFunctions.PNG>]
<Pictures/DualMapExample.png, id=573, 581.92406pt x 335.75438pt>
File: Pictures/DualMapExample.png Graphic file (type png)
<use Pictures/DualMapExample.png>
Package pdftex.def Info: Pictures/DualMapExample.png  used on input line 46.
(pdftex.def)             Requested size: 340.8013pt x 196.63837pt.
) [25 <./Pictures/DualMapExample.PNG>]
\openout2 = `Part1/RelatedWork.aux'.


(./Part1/RelatedWork.tex [26



]
<Pictures/BaumrockMap1.png, id=591, 440.39531pt x 497.60907pt>
File: Pictures/BaumrockMap1.png Graphic file (type png)
<use Pictures/BaumrockMap1.png>
Package pdftex.def Info: Pictures/BaumrockMap1.png  used on input line 10.
(pdftex.def)             Requested size: 255.6026pt x 288.81087pt.
<Pictures/BaumrockMap2.png, id=598, 443.40656pt x 502.87875pt>
File: Pictures/BaumrockMap2.png Graphic file (type png)
<use Pictures/BaumrockMap2.png>
Package pdftex.def Info: Pictures/BaumrockMap2.png  used on input line 18.
(pdftex.def)             Requested size: 255.6026pt x 289.88966pt.
 [27 <./Pictures/BaumrockMap1.PNG>]) [28 <./Pictures/BaumrockMap2.PNG>]
\openout2 = `Part2/CoreConcepts.aux'.

 (./Part2/CoreConcepts.tex
LaTeX Font Info:    Trying to load font information for TS1+lmr on input line 5
.

(c:/texlive/2019/texmf-dist/tex/latex/lm/ts1lmr.fd
File: ts1lmr.fd 2009/10/30 v1.6 Font defs for Latin Modern
)
<Pictures/WhyLimitToExtent.png, id=621, 487.8225pt x 290.58563pt>
File: Pictures/WhyLimitToExtent.png Graphic file (type png)
<use Pictures/WhyLimitToExtent.png>
Package pdftex.def Info: Pictures/WhyLimitToExtent.png  used on input line 23.
(pdftex.def)             Requested size: 340.8013pt x 203.00949pt.
 [29



]
<Pictures/WhyNotPrecolor.png, id=630, 499.8675pt x 208.52907pt>
File: Pictures/WhyNotPrecolor.png Graphic file (type png)
<use Pictures/WhyNotPrecolor.png>
Package pdftex.def Info: Pictures/WhyNotPrecolor.png  used on input line 36.
(pdftex.def)             Requested size: 340.8013pt x 142.17653pt.
 [30 <./Pictures/WhyLimitToExtent.PNG>]
<Pictures/WhyColorLocally.png, id=638, 483.30562pt x 317.68687pt>
File: Pictures/WhyColorLocally.png Graphic file (type png)
<use Pictures/WhyColorLocally.png>
Package pdftex.def Info: Pictures/WhyColorLocally.png  used on input line 49.
(pdftex.def)             Requested size: 340.8013pt x 224.02258pt.
 [31 <./Pictures/WhyNotPrecolor.PNG> <./Pictures/WhyColorLocally.PNG>]
<Pictures/WhyColorLocallyMap.png, id=658, 496.10344pt x 403.5075pt>
File: Pictures/WhyColorLocallyMap.png Graphic file (type png)
<use Pictures/WhyColorLocallyMap.png>
Package pdftex.def Info: Pictures/WhyColorLocallyMap.png  used on input line 58
.
(pdftex.def)             Requested size: 255.6026pt x 207.89796pt.
<Pictures/WhyNot8Bit.png, id=663, 499.8675pt x 211.54031pt>
File: Pictures/WhyNot8Bit.png Graphic file (type png)
<use Pictures/WhyNot8Bit.png>
Package pdftex.def Info: Pictures/WhyNot8Bit.png  used on input line 69.
(pdftex.def)             Requested size: 255.6026pt x 108.16817pt.
 [32 <./Pictures/WhyColorLocallyMap.PNG>]) [33 <./Pictures/WhyNot8bit.PNG>]
\openout2 = `Part2/FinalDesign.aux'.

 (./Part2/FinalDesign.tex [34



]
<Pictures/FinalDesign.png, id=688, 440.39531pt x 186.6975pt>
File: Pictures/FinalDesign.png Graphic file (type png)
<use Pictures/FinalDesign.png>
Package pdftex.def Info: Pictures/FinalDesign.png  used on input line 16.
(pdftex.def)             Requested size: 340.8013pt x 144.4811pt.
 [35 <./Pictures/FinalDesign.PNG>]) [36]
[37


] [38]
\openout2 = `Part3/DevelopingTool.aux'.

 (./Part3/DevelopingTool.tex
<Pictures/DevelopmentSteps.png, id=715, 493.845pt x 66.2475pt>
File: Pictures/DevelopmentSteps.png Graphic file (type png)
<use Pictures/DevelopmentSteps.png>
Package pdftex.def Info: Pictures/DevelopmentSteps.png  used on input line 8.
(pdftex.def)             Requested size: 426.0pt x 57.1456pt.
 [39


 <./Pictures/DevelopmentSteps.PNG>]
[40]
<Pictures/olGeoTiffSimplified.png, id=766, 429.85594pt x 459.96844pt>
File: Pictures/olGeoTiffSimplified.png Graphic file (type png)
<use Pictures/olGeoTiffSimplified.png>
Package pdftex.def Info: Pictures/olGeoTiffSimplified.png  used on input line 6
1.
(pdftex.def)             Requested size: 340.8013pt x 364.68355pt.
 [41] [42 <./Pictures/olGeoTiffSimplified.PNG>]
LaTeX Font Info:    Trying to load font information for T1+lmtt on input line 9
6.

(c:/texlive/2019/texmf-dist/tex/latex/lm/t1lmtt.fd
File: t1lmtt.fd 2009/10/30 v1.6 Font defs for Latin Modern
)
Package microtype Info: Loading generic protrusion settings for font family
(microtype)             `lmtt' (encoding: T1).
(microtype)             For optimal results, create family-specific settings.
(microtype)             See the microtype manual for details.
 [43] [44]
(c:/texlive/2019/texmf-dist/tex/latex/listings/lstlang1.sty
File: lstlang1.sty 2019/09/10 1.8c listings language file
)
(c:/texlive/2019/texmf-dist/tex/latex/listings/lstmisc.sty
File: lstmisc.sty 2019/09/10 1.8c (Carsten Heinz)
)
<Pictures/ProcessingTime.png, id=861, 319.94531pt x 287.57437pt>
File: Pictures/ProcessingTime.png Graphic file (type png)
<use Pictures/ProcessingTime.png>
Package pdftex.def Info: Pictures/ProcessingTime.png  used on input line 178.
(pdftex.def)             Requested size: 255.6026pt x 229.74387pt.
 [45] [46 <./Pictures/ProcessingTime.PNG>]
<Pictures/CScale.png, id=899, 157.33781pt x 68.50594pt>
File: Pictures/CScale.png Graphic file (type png)
<use Pictures/CScale.png>
Package pdftex.def Info: Pictures/CScale.png  used on input line 244.
(pdftex.def)             Requested size: 127.8013pt x 55.64525pt.
<Pictures/MapWithWrongResolution.png, id=902, 395.22656pt x 441.14813pt>
File: Pictures/MapWithWrongResolution.png Graphic file (type png)
<use Pictures/MapWithWrongResolution.png>
Package pdftex.def Info: Pictures/MapWithWrongResolution.png  used on input lin
e 258.
(pdftex.def)             Requested size: 213.0pt x 237.75197pt.
 [47 <./Pictures/CScale.PNG>]
<Pictures/DifferentZoom.png, id=922, 411.03563pt x 252.19218pt>
File: Pictures/DifferentZoom.png Graphic file (type png)
<use Pictures/DifferentZoom.png>
Package pdftex.def Info: Pictures/DifferentZoom.png  used on input line 274.
(pdftex.def)             Requested size: 255.6026pt x 156.827pt.
 [48 <./Pictures/MapWithWrongResolution.PNG>]
LaTeX Font Info:    External font `lmex10' loaded for size
(Font)              <5> on input line 298.
 [49 <./Pictures/DifferentZoom.PNG>]
<Pictures/CalculateMaxValue.png, id=948, 434.37282pt x 465.23813pt>
File: Pictures/CalculateMaxValue.png Graphic file (type png)
<use Pictures/CalculateMaxValue.png>
Package pdftex.def Info: Pictures/CalculateMaxValue.png  used on input line 322
.
(pdftex.def)             Requested size: 255.6026pt x 273.77112pt.
 [50]
<Pictures/DoubleLoop.png, id=956, 497.60907pt x 249.93375pt>
File: Pictures/DoubleLoop.png Graphic file (type png)
<use Pictures/DoubleLoop.png>
Package pdftex.def Info: Pictures/DoubleLoop.png  used on input line 344.
(pdftex.def)             Requested size: 426.0pt x 213.97015pt.
 [51 <./Pictures/CalculateMaxValue.PNG>]
File: Pictures/Frontpage.png Graphic file (type png)
<use Pictures/Frontpage.png>
Package pdftex.def Info: Pictures/Frontpage.png  used on input line 366.
(pdftex.def)             Requested size: 340.8013pt x 226.66933pt.
 [52 <./Pictures/DoubleLoop.PNG>]
<Pictures/ChangeToMaxCalculation.png, id=982, 511.9125pt x 213.79875pt>
File: Pictures/ChangeToMaxCalculation.png Graphic file (type png)
<use Pictures/ChangeToMaxCalculation.png>
Package pdftex.def Info: Pictures/ChangeToMaxCalculation.png  used on input lin
e 377.
(pdftex.def)             Requested size: 426.0pt x 177.91615pt.
 [53]
<Pictures/SearchBar.png, id=995, 368.1253pt x 159.59625pt>
File: Pictures/SearchBar.png Graphic file (type png)
<use Pictures/SearchBar.png>
Package pdftex.def Info: Pictures/SearchBar.png  used on input line 398.
(pdftex.def)             Requested size: 255.6026pt x 110.81555pt.
 [54 <./Pictures/ChangeToMaxCalculation.PNG>]
<Pictures/FinalProduct.png, id=1008, 632.3625pt x 418.56375pt>
File: Pictures/FinalProduct.png Graphic file (type png)
<use Pictures/FinalProduct.png>
Package pdftex.def Info: Pictures/FinalProduct.png  used on input line 416.
(pdftex.def)             Requested size: 340.8013pt x 225.58037pt.
 [55 <./Pictures/SearchBar.PNG> <./Pictures/FinalProduct.PNG>]
<Pictures/GlobcoverVsGrump.png, id=1019, 632.3625pt x 389.20406pt>
File: Pictures/GlobcoverVsGrump.png Graphic file (type png)
<use Pictures/GlobcoverVsGrump.png>
Package pdftex.def Info: Pictures/GlobcoverVsGrump.png  used on input line 432.

(pdftex.def)             Requested size: 340.8013pt x 209.75728pt.
) [56 <./Pictures/GlobcoverVsGrump.PNG>] [57


] [58]
\openout2 = `Part2/EvaluationMethods.aux'.


(./Part2/EvaluationMethods.tex [59


] [60] [61]) [62]
\openout2 = `Part4/Evaluation.aux'.

 (./Part4/Evaluation.tex
<Pictures/ScreenshotLoading1.png, id=1127, 373.395pt x 152.06813pt>
File: Pictures/ScreenshotLoading1.png Graphic file (type png)
<use Pictures/ScreenshotLoading1.png>
Package pdftex.def Info: Pictures/ScreenshotLoading1.png  used on input line 26
.
(pdftex.def)             Requested size: 340.8013pt x 138.79987pt.

[63



 <./Pictures/ScreenshotLoading1.PNG>]
<Pictures/ScreenshotLoading2.png, id=1142, 374.90062pt x 146.79843pt>
File: Pictures/ScreenshotLoading2.png Graphic file (type png)
<use Pictures/ScreenshotLoading2.png>
Package pdftex.def Info: Pictures/ScreenshotLoading2.png  used on input line 35
.
(pdftex.def)             Requested size: 340.8013pt x 133.4546pt.
<Pictures/ScreenshotLoading3.png, id=1144, 410.2828pt x 167.12437pt>
File: Pictures/ScreenshotLoading3.png Graphic file (type png)
<use Pictures/ScreenshotLoading3.png>
Package pdftex.def Info: Pictures/ScreenshotLoading3.png  used on input line 44
.
(pdftex.def)             Requested size: 340.8013pt x 138.82028pt.
<Pictures/ScoringManual.png, id=1148, 751.30687pt x 225.09094pt>
File: Pictures/ScoringManual.png Graphic file (type png)
<use Pictures/ScoringManual.png>
Package pdftex.def Info: Pictures/ScoringManual.png  used on input line 58.
(pdftex.def)             Requested size: 383.3974pt x 114.86697pt.
 [64 <./Pictures/ScreenshotLoading2.PNG> <./Pictures/ScreenshotLoading3.PNG>]
<Pictures/CaddyVsPython.png, id=1171, 644.4075pt x 146.79843pt>
File: Pictures/CaddyVsPython.png Graphic file (type png)
<use Pictures/CaddyVsPython.png>
Package pdftex.def Info: Pictures/CaddyVsPython.png  used on input line 96.
(pdftex.def)             Requested size: 426.0pt x 97.04852pt.
 [65 <./Pictures/ScoringManual.png>]
<Pictures/tabPostloadPerformance.png, id=1187, 125.71968pt x 107.65219pt>
File: Pictures/tabPostloadPerformance.png Graphic file (type png)
<use Pictures/tabPostloadPerformance.png>
Package pdftex.def Info: Pictures/tabPostloadPerformance.png  used on input lin
e 117.
(pdftex.def)             Requested size: 127.8013pt x 109.43417pt.
)
[66 <./Pictures/CaddyVsPython.PNG> <./Pictures/tabPostloadPerformance.PNG>]
\openout2 = `Part4/Discussion.aux'.


(./Part4/Discussion.tex
<Pictures/tabMinimum.png, id=1199, 234.1247pt x 187.45032pt>
File: Pictures/tabMinimum.png Graphic file (type png)
<use Pictures/tabMinimum.png>
Package pdftex.def Info: Pictures/tabMinimum.png  used on input line 22.
(pdftex.def)             Requested size: 170.3974pt x 136.43428pt.
 [67



] [68 <./Pictures/tabMinimum.PNG>] [69]) [70]
\openout2 = `Part4/Conclusion.aux'.


(./Part4/Conclusion.tex) [71



] (./main.bbl [72


] [73] [74] [75] [76] [77])
[78] (./Appendix/AppendixTest.tex
<Pictures/Audit1.png, id=1358, 711.4078pt x 673.01437pt>
File: Pictures/Audit1.png Graphic file (type png)
<use Pictures/Audit1.png>
Package pdftex.def Info: Pictures/Audit1.png  used on input line 4.
(pdftex.def)             Requested size: 511.1987pt x 483.6252pt.

Overfull \hbox (57.6252pt too wide) in paragraph at lines 4--5
[] 
 []

<Pictures/Audit2.png, id=1359, 764.10469pt x 642.90187pt>
File: Pictures/Audit2.png Graphic file (type png)
<use Pictures/Audit2.png>
Package pdftex.def Info: Pictures/Audit2.png  used on input line 6.
(pdftex.def)             Requested size: 511.1987pt x 430.11418pt.

Overfull \hbox (4.11418pt too wide) in paragraph at lines 6--7
[][] 
 []

[79


 <./Pictures/Audit1.PNG>]
<Pictures/Audit3.png, id=1366, 316.18124pt x 590.205pt>
File: Pictures/Audit3.png Graphic file (type png)
<use Pictures/Audit3.png>
Package pdftex.def Info: Pictures/Audit3.png  used on input line 8.
(pdftex.def)             Requested size: 255.6026pt x 477.13583pt.
) (./Appendix/CodeIncluded.tex
Overfull \hbox (51.13583pt too wide) in paragraph at lines 8--1
[][]
 []


Underfull \hbox (badness 10000) in paragraph at lines 8--1

 []

[80 <./Pictures/Audit2.PNG>] [81 <./Pictures/Audit3.PNG>] [82

] [83] [84]
[85] [86] [87] [88] [89]) [90] (./main.lox)
\tf@toc=\write5
\openout5 = `main.toc'.

\tf@lox=\write6
\openout6 = `main.lox'.

Package atveryend Info: Empty hook `BeforeClearDocument' on input line 109.
Package atveryend Info: Empty hook `AfterLastShipout' on input line 109.
 (./main.aux
(./Formalia/FrontPage.aux) (./Formalia/Titelblad.aux) (./Formalia/Preface.aux)
(./Formalia/Intro.aux) (./Part1/CaseData.aux) (./Part1/RasterFormatting.aux)
(./Part1/CurrentSolution.aux) (./Part1/VisualConventions.aux)
(./Part2/InteractiveMap.aux) (./Part1/RelatedWork.aux)
(./Part2/CoreConcepts.aux) (./Part2/FinalDesign.aux)
(./Part3/DevelopingTool.aux) (./Part2/EvaluationMethods.aux)
(./Part4/Evaluation.aux) (./Part4/Discussion.aux) (./Part4/Conclusion.aux))
Package atveryend Info: Executing hook `AtVeryEndDocument' on input line 109.
Package atveryend Info: Executing hook `AtEndAfterFileList' on input line 109.
Package rerunfilecheck Info: File `main.out' has not changed.
(rerunfilecheck)             Checksum: 8046E4C9187E9160AFE975DC340049AB;1298.


LaTeX Warning: There were multiply-defined labels.

Package atveryend Info: Empty hook `AtVeryVeryEnd' on input line 109.
 ) 
Here is how much of TeX's memory you used:
 37747 strings out of 492164
 653464 string characters out of 6129087
 1318884 words of memory out of 5000000
 40455 multiletter control sequences out of 15000+600000
 629266 words of font info for 153 fonts, out of 8000000 for 9000
 1143 hyphenation exceptions out of 8191
 67i,14n,104p,1263b,2480s stack positions out of 5000i,500n,10000p,200000b,80000s
{c:/texlive/2019/texmf-dist/fonts/enc/dvips/lm/lm-ts1.enc}{c:/texlive/2019/te
xmf-dist/fonts/enc/dvips/lm/lm-ec.enc}{c:/texlive/2019/texmf-dist/fonts/enc/dvi
ps/lm/lm-mathex.enc}{c:/texlive/2019/texmf-dist/fonts/enc/dvips/lm/lm-mathsy.en
c}{c:/texlive/2019/texmf-dist/fonts/enc/dvips/lm/lm-mathit.enc}{c:/texlive/2019
/texmf-dist/fonts/enc/dvips/lm/lm-rm.enc}{c:/texlive/2019/texmf-dist/fonts/enc/
dvips/base/8r.enc}<c:/texlive/2019/texmf-dist/fonts/type1/public/amsfonts/latxf
ont/lcircle1.pfb><c:/texlive/2019/texmf-dist/fonts/type1/public/lm/lmbx10.pfb><
c:/texlive/2019/texmf-dist/fonts/type1/public/lm/lmbx12.pfb><c:/texlive/2019/te
xmf-dist/fonts/type1/public/lm/lmcsc10.pfb><c:/texlive/2019/texmf-dist/fonts/ty
pe1/public/lm/lmex10.pfb><c:/texlive/2019/texmf-dist/fonts/type1/public/lm/lmmi
10.pfb><c:/texlive/2019/texmf-dist/fonts/type1/public/lm/lmmi8.pfb><c:/texlive/
2019/texmf-dist/fonts/type1/public/lm/lmr10.pfb><c:/texlive/2019/texmf-dist/fon
ts/type1/public/lm/lmr12.pfb><c:/texlive/2019/texmf-dist/fonts/type1/public/lm/
lmr7.pfb><c:/texlive/2019/texmf-dist/fonts/type1/public/lm/lmr8.pfb><c:/texlive
/2019/texmf-dist/fonts/type1/public/lm/lmri10.pfb><c:/texlive/2019/texmf-dist/f
onts/type1/public/lm/lmsy10.pfb><c:/texlive/2019/texmf-dist/fonts/type1/public/
lm/lmsy8.pfb><c:/texlive/2019/texmf-dist/fonts/type1/public/lm/lmtt10.pfb><c:/t
exlive/2019/texmf-dist/fonts/type1/public/lm/lmtt8.pfb><c:/texlive/2019/texmf-d
ist/fonts/type1/urw/bookman/ubkd8a.pfb><c:/texlive/2019/texmf-dist/fonts/type1/
urw/bookman/ubkl8a.pfb>
Output written on main.pdf (98 pages, 9019410 bytes).
PDF statistics:
 2142 PDF objects out of 2487 (max. 8388607)
 1877 compressed objects within 19 object streams
 841 named destinations out of 1000 (max. 500000)
 32164 words of extra memory for PDF output out of 35830 (max. 10000000)

