\BOOKMARK [0][-]{chapter*.2}{Preface}{}% 1
\BOOKMARK [0][-]{indhold.0}{Indholdsfortegnelse}{}% 2
\BOOKMARK [0][-]{chapter.1}{Introduction}{}% 3
\BOOKMARK [-1][-]{part.1}{Design}{}% 4
\BOOKMARK [0][-]{chapter.2}{Case data}{part.1}% 5
\BOOKMARK [0][-]{chapter.3}{Raster formatting}{part.1}% 6
\BOOKMARK [0][-]{chapter.4}{Visual conventions}{part.1}% 7
\BOOKMARK [0][-]{chapter.5}{Related work}{part.1}% 8
\BOOKMARK [0][-]{chapter.6}{Components of an interactive maps}{part.1}% 9
\BOOKMARK [0][-]{chapter.7}{Evaluation Methods}{part.1}% 10
\BOOKMARK [-1][-]{part.2}{Development}{}% 11
\BOOKMARK [0][-]{chapter.8}{Coding languages and plugins}{part.2}% 12
\BOOKMARK [0][-]{chapter.9}{Developing the tool}{part.2}% 13
\BOOKMARK [0][-]{chapter.10}{Result}{part.2}% 14
\BOOKMARK [-1][-]{part.3}{Evaluation}{}% 15
\BOOKMARK [0][-]{chapter.11}{Evaluation}{part.3}% 16
\BOOKMARK [0][-]{chapter.12}{Discussion}{part.3}% 17
\BOOKMARK [0][-]{chapter.13}{Conclusion}{part.3}% 18
\BOOKMARK [0][-]{chapter*.41}{Bibliography}{part.3}% 19
\BOOKMARK [0][-]{appendiks.0}{Appendiks}{part.3}% 20
\BOOKMARK [0][-]{appendix.A}{This is at test}{part.3}% 21
